2019-03-04 12:00:52.670  INFO 12808 --- [restartedMain] cn.cs.Board.DemoApplication              : Starting DemoApplication on DESKTOP-MHKMK4C with PID 12808 (started by al89 in E:\工作\Board\Board_API)
2019-03-04 12:00:52.697 DEBUG 12808 --- [restartedMain] cn.cs.Board.DemoApplication              : Running with Spring Boot v2.1.3.RELEASE, Spring v5.1.5.RELEASE
2019-03-04 12:00:52.699  INFO 12808 --- [restartedMain] cn.cs.Board.DemoApplication              : No active profile set, falling back to default profiles: default
2019-03-04 12:00:52.768  INFO 12808 --- [restartedMain] .e.DevToolsPropertyDefaultsPostProcessor : Devtools property defaults active! Set 'spring.devtools.add-properties' to 'false' to disable
2019-03-04 12:00:52.769  INFO 12808 --- [restartedMain] .e.DevToolsPropertyDefaultsPostProcessor : For additional web related logging consider setting the 'logging.level.web' property to 'DEBUG'
2019-03-04 12:00:53.520  WARN 12808 --- [restartedMain] o.m.s.mapper.ClassPathMapperScanner      : No MyBatis mapper was found in '[cn.cs.Board]' package. Please check your configuration.
2019-03-04 12:00:53.623  INFO 12808 --- [restartedMain] o.s.c.a.ConfigurationClassPostProcessor  : Cannot enhance @Configuration bean definition 'myBatisMapperScannerConfig' since its singleton instance has been created too early. The typical cause is a non-static @Bean method with a BeanDefinitionRegistryPostProcessor return type: Consider declaring such methods as 'static'.
2019-03-04 12:00:54.245  INFO 12808 --- [restartedMain] o.s.b.w.embedded.tomcat.TomcatWebServer  : Tomcat initialized with port(s): 8000 (http)
2019-03-04 12:00:54.267  INFO 12808 --- [restartedMain] o.apache.catalina.core.StandardService   : Starting service [Tomcat]
2019-03-04 12:00:54.268  INFO 12808 --- [restartedMain] org.apache.catalina.core.StandardEngine  : Starting Servlet engine: [Apache Tomcat/9.0.16]
2019-03-04 12:00:54.274  INFO 12808 --- [restartedMain] o.a.catalina.core.AprLifecycleListener   : The APR based Apache Tomcat Native library which allows optimal performance in production environments was not found on the java.library.path: [D:\JAVA\jdk-10.0.1\bin;C:\Windows\Sun\Java\bin;C:\Windows\system32;C:\Windows;D:/JAVA/jdk-10.0.1/bin/server;D:/JAVA/jdk-10.0.1/bin;D:\apache-maven-3.6.0\bin;D:\mysql5.7\mysql-5.7.23-winx64\bin;C:\Windows\system32;C:\Windows;C:\Windows\System32\Wbem;C:\Windows\System32\WindowsPowerShell\v1.0\;C:\Windows\System32\OpenSSH\;D:\JAVA\jdk-10.0.1\bin;D:\JAVA\jdk-10.0.1\jre\bin;C:\Program Files\Git\cmd;D:\nodejs\;D:\Ruby25-x64\bin;C:\Users\al89\AppData\Local\Microsoft\WindowsApps;;D:\Docker Toolbox;D:\Microsoft VS Code\bin;C:\Users\al89\AppData\Roaming\npm;D:\texlive2018\2018\bin\win32;D:\sts-4.0.1.RELEASE;;.]
2019-03-04 12:00:54.363  INFO 12808 --- [restartedMain] o.a.c.c.C.[Tomcat].[localhost].[/board]  : Initializing Spring embedded WebApplicationContext
2019-03-04 12:00:54.363  INFO 12808 --- [restartedMain] o.s.web.context.ContextLoader            : Root WebApplicationContext: initialization completed in 1594 ms
2019-03-04 12:00:54.464 DEBUG 12808 --- [restartedMain] org.apache.ibatis.logging.LogFactory     : Logging initialized using 'class org.apache.ibatis.logging.slf4j.Slf4jImpl' adapter.
2019-03-04 12:00:54.907  INFO 12808 --- [restartedMain] o.s.s.concurrent.ThreadPoolTaskExecutor  : Initializing ExecutorService 'applicationTaskExecutor'
2019-03-04 12:00:55.124  INFO 12808 --- [restartedMain] o.s.b.d.a.OptionalLiveReloadServer       : LiveReload server is running on port 35729
2019-03-04 12:00:55.200  INFO 12808 --- [restartedMain] o.s.b.w.embedded.tomcat.TomcatWebServer  : Tomcat started on port(s): 8000 (http) with context path '/board'
2019-03-04 12:00:55.206  INFO 12808 --- [restartedMain] cn.cs.Board.DemoApplication              : Started DemoApplication in 2.965 seconds (JVM running for 5.069)
2019-03-04 12:01:25.678  INFO 12808 --- [http-nio-8000-exec-2] o.a.c.c.C.[Tomcat].[localhost].[/board]  : Initializing Spring DispatcherServlet 'dispatcherServlet'
2019-03-04 12:01:25.678  INFO 12808 --- [http-nio-8000-exec-2] o.s.web.servlet.DispatcherServlet        : Initializing Servlet 'dispatcherServlet'
2019-03-04 12:01:25.685  INFO 12808 --- [http-nio-8000-exec-2] o.s.web.servlet.DispatcherServlet        : Completed initialization in 7 ms
2019-03-04 12:01:25.840  INFO 12808 --- [http-nio-8000-exec-2] cn.cs.Board.Controller.UserController    : {"password":"123","loginName":"lyuyu"}is logining
2019-03-04 12:01:28.007 ERROR 12808 --- [http-nio-8000-exec-2] com.alibaba.druid.pool.DruidDataSource   : init datasource error, url: jdbc:mysql://localhost:3306/msgboard?useSSL=false&createDatabaseIfNotExist=true&useUnicode=true&characterEncoding=UTF-8&serverTimezone=GMT

com.mysql.cj.jdbc.exceptions.CommunicationsException: Communications link failure

The last packet sent successfully to the server was 0 milliseconds ago. The driver has not received any packets from the server.
	at com.mysql.cj.jdbc.exceptions.SQLError.createCommunicationsException(SQLError.java:172) ~[mysql-connector-java-8.0.11.jar:8.0.11]
	at com.mysql.cj.jdbc.exceptions.SQLExceptionsMapping.translateException(SQLExceptionsMapping.java:64) ~[mysql-connector-java-8.0.11.jar:8.0.11]
	at com.mysql.cj.jdbc.ConnectionImpl.createNewIO(ConnectionImpl.java:862) ~[mysql-connector-java-8.0.11.jar:8.0.11]
	at com.mysql.cj.jdbc.ConnectionImpl.<init>(ConnectionImpl.java:444) ~[mysql-connector-java-8.0.11.jar:8.0.11]
	at com.mysql.cj.jdbc.ConnectionImpl.getInstance(ConnectionImpl.java:230) ~[mysql-connector-java-8.0.11.jar:8.0.11]
	at com.mysql.cj.jdbc.NonRegisteringDriver.connect(NonRegisteringDriver.java:226) ~[mysql-connector-java-8.0.11.jar:8.0.11]
	at com.alibaba.druid.filter.FilterChainImpl.connection_connect(FilterChainImpl.java:156) ~[druid-1.1.10.jar:1.1.10]
	at com.alibaba.druid.filter.FilterAdapter.connection_connect(FilterAdapter.java:786) ~[druid-1.1.10.jar:1.1.10]
	at com.alibaba.druid.filter.FilterEventAdapter.connection_connect(FilterEventAdapter.java:38) ~[druid-1.1.10.jar:1.1.10]
	at com.alibaba.druid.filter.FilterChainImpl.connection_connect(FilterChainImpl.java:150) ~[druid-1.1.10.jar:1.1.10]
	at com.alibaba.druid.filter.FilterAdapter.connection_connect(FilterAdapter.java:786) ~[druid-1.1.10.jar:1.1.10]
	at com.alibaba.druid.filter.FilterChainImpl.connection_connect(FilterChainImpl.java:150) ~[druid-1.1.10.jar:1.1.10]
	at com.alibaba.druid.filter.stat.StatFilter.connection_connect(StatFilter.java:218) ~[druid-1.1.10.jar:1.1.10]
	at com.alibaba.druid.filter.FilterChainImpl.connection_connect(FilterChainImpl.java:150) ~[druid-1.1.10.jar:1.1.10]
	at com.alibaba.druid.pool.DruidAbstractDataSource.createPhysicalConnection(DruidAbstractDataSource.java:1560) ~[druid-1.1.10.jar:1.1.10]
	at com.alibaba.druid.pool.DruidAbstractDataSource.createPhysicalConnection(DruidAbstractDataSource.java:1623) ~[druid-1.1.10.jar:1.1.10]
	at com.alibaba.druid.pool.DruidDataSource.init(DruidDataSource.java:861) [druid-1.1.10.jar:1.1.10]
	at com.alibaba.druid.pool.DruidDataSource.getConnection(DruidDataSource.java:1229) [druid-1.1.10.jar:1.1.10]
	at com.alibaba.druid.pool.DruidDataSource.getConnection(DruidDataSource.java:1225) [druid-1.1.10.jar:1.1.10]
	at com.alibaba.druid.pool.DruidDataSource.getConnection(DruidDataSource.java:90) [druid-1.1.10.jar:1.1.10]
	at org.springframework.jdbc.datasource.DataSourceTransactionManager.doBegin(DataSourceTransactionManager.java:262) [spring-jdbc-5.1.5.RELEASE.jar:5.1.5.RELEASE]
	at org.springframework.transaction.support.AbstractPlatformTransactionManager.getTransaction(AbstractPlatformTransactionManager.java:378) [spring-tx-5.1.5.RELEASE.jar:5.1.5.RELEASE]
	at org.springframework.transaction.interceptor.TransactionAspectSupport.createTransactionIfNecessary(TransactionAspectSupport.java:474) [spring-tx-5.1.5.RELEASE.jar:5.1.5.RELEASE]
	at org.springframework.transaction.interceptor.TransactionAspectSupport.invokeWithinTransaction(TransactionAspectSupport.java:289) [spring-tx-5.1.5.RELEASE.jar:5.1.5.RELEASE]
	at org.springframework.transaction.interceptor.TransactionInterceptor.invoke(TransactionInterceptor.java:98) [spring-tx-5.1.5.RELEASE.jar:5.1.5.RELEASE]
	at org.springframework.aop.framework.ReflectiveMethodInvocation.proceed(ReflectiveMethodInvocation.java:186) [spring-aop-5.1.5.RELEASE.jar:5.1.5.RELEASE]
	at org.springframework.aop.framework.CglibAopProxy$DynamicAdvisedInterceptor.intercept(CglibAopProxy.java:688) [spring-aop-5.1.5.RELEASE.jar:5.1.5.RELEASE]
	at cn.cs.Board.service.UserService$$EnhancerBySpringCGLIB$$71c63ac7.getUser(<generated>) [classes/:na]
	at cn.cs.Board.Controller.UserController.login(UserController.java:48) [classes/:na]
	at java.base/jdk.internal.reflect.NativeMethodAccessorImpl.invoke0(Native Method) ~[na:na]
	at java.base/jdk.internal.reflect.NativeMethodAccessorImpl.invoke(NativeMethodAccessorImpl.java:62) ~[na:na]
	at java.base/jdk.internal.reflect.DelegatingMethodAccessorImpl.invoke(DelegatingMethodAccessorImpl.java:43) ~[na:na]
	at java.base/java.lang.reflect.Method.invoke(Method.java:564) ~[na:na]
	at org.springframework.web.method.support.InvocableHandlerMethod.doInvoke(InvocableHandlerMethod.java:189) [spring-web-5.1.5.RELEASE.jar:5.1.5.RELEASE]
	at org.springframework.web.method.support.InvocableHandlerMethod.invokeForRequest(InvocableHandlerMethod.java:138) [spring-web-5.1.5.RELEASE.jar:5.1.5.RELEASE]
	at org.springframework.web.servlet.mvc.method.annotation.ServletInvocableHandlerMethod.invokeAndHandle(ServletInvocableHandlerMethod.java:102) [spring-webmvc-5.1.5.RELEASE.jar:5.1.5.RELEASE]
	at org.springframework.web.servlet.mvc.method.annotation.RequestMappingHandlerAdapter.invokeHandlerMethod(RequestMappingHandlerAdapter.java:895) [spring-webmvc-5.1.5.RELEASE.jar:5.1.5.RELEASE]
	at org.springframework.web.servlet.mvc.method.annotation.RequestMappingHandlerAdapter.handleInternal(RequestMappingHandlerAdapter.java:800) [spring-webmvc-5.1.5.RELEASE.jar:5.1.5.RELEASE]
	at org.springframework.web.servlet.mvc.method.AbstractHandlerMethodAdapter.handle(AbstractHandlerMethodAdapter.java:87) [spring-webmvc-5.1.5.RELEASE.jar:5.1.5.RELEASE]
	at org.springframework.web.servlet.DispatcherServlet.doDispatch(DispatcherServlet.java:1038) [spring-webmvc-5.1.5.RELEASE.jar:5.1.5.RELEASE]
	at org.springframework.web.servlet.DispatcherServlet.doService(DispatcherServlet.java:942) [spring-webmvc-5.1.5.RELEASE.jar:5.1.5.RELEASE]
	at org.springframework.web.servlet.FrameworkServlet.processRequest(FrameworkServlet.java:1005) [spring-webmvc-5.1.5.RELEASE.jar:5.1.5.RELEASE]
	at org.springframework.web.servlet.FrameworkServlet.doPost(FrameworkServlet.java:908) [spring-webmvc-5.1.5.RELEASE.jar:5.1.5.RELEASE]
	at javax.servlet.http.HttpServlet.service(HttpServlet.java:660) [tomcat-embed-core-9.0.16.jar:9.0.16]
	at org.springframework.web.servlet.FrameworkServlet.service(FrameworkServlet.java:882) [spring-webmvc-5.1.5.RELEASE.jar:5.1.5.RELEASE]
	at javax.servlet.http.HttpServlet.service(HttpServlet.java:741) [tomcat-embed-core-9.0.16.jar:9.0.16]
	at org.apache.catalina.core.ApplicationFilterChain.internalDoFilter(ApplicationFilterChain.java:231) [tomcat-embed-core-9.0.16.jar:9.0.16]
	at org.apache.catalina.core.ApplicationFilterChain.doFilter(ApplicationFilterChain.java:166) [tomcat-embed-core-9.0.16.jar:9.0.16]
	at org.apache.tomcat.websocket.server.WsFilter.doFilter(WsFilter.java:53) [tomcat-embed-websocket-9.0.16.jar:9.0.16]
	at org.apache.catalina.core.ApplicationFilterChain.internalDoFilter(ApplicationFilterChain.java:193) [tomcat-embed-core-9.0.16.jar:9.0.16]
	at org.apache.catalina.core.ApplicationFilterChain.doFilter(ApplicationFilterChain.java:166) [tomcat-embed-core-9.0.16.jar:9.0.16]
	at com.alibaba.druid.support.http.WebStatFilter.doFilter(WebStatFilter.java:123) [druid-1.1.10.jar:1.1.10]
	at org.apache.catalina.core.ApplicationFilterChain.internalDoFilter(ApplicationFilterChain.java:193) [tomcat-embed-core-9.0.16.jar:9.0.16]
	at org.apache.catalina.core.ApplicationFilterChain.doFilter(ApplicationFilterChain.java:166) [tomcat-embed-core-9.0.16.jar:9.0.16]
	at org.springframework.web.filter.RequestContextFilter.doFilterInternal(RequestContextFilter.java:99) [spring-web-5.1.5.RELEASE.jar:5.1.5.RELEASE]
	at org.springframework.web.filter.OncePerRequestFilter.doFilter(OncePerRequestFilter.java:107) [spring-web-5.1.5.RELEASE.jar:5.1.5.RELEASE]
	at org.apache.catalina.core.ApplicationFilterChain.internalDoFilter(ApplicationFilterChain.java:193) [tomcat-embed-core-9.0.16.jar:9.0.16]
	at org.apache.catalina.core.ApplicationFilterChain.doFilter(ApplicationFilterChain.java:166) [tomcat-embed-core-9.0.16.jar:9.0.16]
	at org.springframework.web.filter.FormContentFilter.doFilterInternal(FormContentFilter.java:92) [spring-web-5.1.5.RELEASE.jar:5.1.5.RELEASE]
	at org.springframework.web.filter.OncePerRequestFilter.doFilter(OncePerRequestFilter.java:107) [spring-web-5.1.5.RELEASE.jar:5.1.5.RELEASE]
	at org.apache.catalina.core.ApplicationFilterChain.internalDoFilter(ApplicationFilterChain.java:193) [tomcat-embed-core-9.0.16.jar:9.0.16]
	at org.apache.catalina.core.ApplicationFilterChain.doFilter(ApplicationFilterChain.java:166) [tomcat-embed-core-9.0.16.jar:9.0.16]
	at org.springframework.web.filter.HiddenHttpMethodFilter.doFilterInternal(HiddenHttpMethodFilter.java:93) [spring-web-5.1.5.RELEASE.jar:5.1.5.RELEASE]
	at org.springframework.web.filter.OncePerRequestFilter.doFilter(OncePerRequestFilter.java:107) [spring-web-5.1.5.RELEASE.jar:5.1.5.RELEASE]
	at org.apache.catalina.core.ApplicationFilterChain.internalDoFilter(ApplicationFilterChain.java:193) [tomcat-embed-core-9.0.16.jar:9.0.16]
	at org.apache.catalina.core.ApplicationFilterChain.doFilter(ApplicationFilterChain.java:166) [tomcat-embed-core-9.0.16.jar:9.0.16]
	at org.springframework.web.filter.CharacterEncodingFilter.doFilterInternal(CharacterEncodingFilter.java:200) [spring-web-5.1.5.RELEASE.jar:5.1.5.RELEASE]
	at org.springframework.web.filter.OncePerRequestFilter.doFilter(OncePerRequestFilter.java:107) [spring-web-5.1.5.RELEASE.jar:5.1.5.RELEASE]
	at org.apache.catalina.core.ApplicationFilterChain.internalDoFilter(ApplicationFilterChain.java:193) [tomcat-embed-core-9.0.16.jar:9.0.16]
	at org.apache.catalina.core.ApplicationFilterChain.doFilter(ApplicationFilterChain.java:166) [tomcat-embed-core-9.0.16.jar:9.0.16]
	at org.apache.catalina.core.StandardWrapperValve.invoke(StandardWrapperValve.java:200) [tomcat-embed-core-9.0.16.jar:9.0.16]
	at org.apache.catalina.core.StandardContextValve.invoke(StandardContextValve.java:96) [tomcat-embed-core-9.0.16.jar:9.0.16]
	at org.apache.catalina.authenticator.AuthenticatorBase.invoke(AuthenticatorBase.java:490) [tomcat-embed-core-9.0.16.jar:9.0.16]
	at org.apache.catalina.core.StandardHostValve.invoke(StandardHostValve.java:139) [tomcat-embed-core-9.0.16.jar:9.0.16]
	at org.apache.catalina.valves.ErrorReportValve.invoke(ErrorReportValve.java:92) [tomcat-embed-core-9.0.16.jar:9.0.16]
	at org.apache.catalina.core.StandardEngineValve.invoke(StandardEngineValve.java:74) [tomcat-embed-core-9.0.16.jar:9.0.16]
	at org.apache.catalina.connector.CoyoteAdapter.service(CoyoteAdapter.java:343) [tomcat-embed-core-9.0.16.jar:9.0.16]
	at org.apache.coyote.http11.Http11Processor.service(Http11Processor.java:408) [tomcat-embed-core-9.0.16.jar:9.0.16]
	at org.apache.coyote.AbstractProcessorLight.process(AbstractProcessorLight.java:66) [tomcat-embed-core-9.0.16.jar:9.0.16]
	at org.apache.coyote.AbstractProtocol$ConnectionHandler.process(AbstractProtocol.java:834) [tomcat-embed-core-9.0.16.jar:9.0.16]
	at org.apache.tomcat.util.net.NioEndpoint$SocketProcessor.doRun(NioEndpoint.java:1415) [tomcat-embed-core-9.0.16.jar:9.0.16]
	at org.apache.tomcat.util.net.SocketProcessorBase.run(SocketProcessorBase.java:49) [tomcat-embed-core-9.0.16.jar:9.0.16]
	at java.base/java.util.concurrent.ThreadPoolExecutor.runWorker(ThreadPoolExecutor.java:1135) [na:na]
	at java.base/java.util.concurrent.ThreadPoolExecutor$Worker.run(ThreadPoolExecutor.java:635) [na:na]
	at org.apache.tomcat.util.threads.TaskThread$WrappingRunnable.run(TaskThread.java:61) [tomcat-embed-core-9.0.16.jar:9.0.16]
	at java.base/java.lang.Thread.run(Thread.java:844) [na:na]
Caused by: com.mysql.cj.exceptions.CJCommunicationsException: Communications link failure

The last packet sent successfully to the server was 0 milliseconds ago. The driver has not received any packets from the server.
	at java.base/jdk.internal.reflect.NativeConstructorAccessorImpl.newInstance0(Native Method) ~[na:na]
	at java.base/jdk.internal.reflect.NativeConstructorAccessorImpl.newInstance(NativeConstructorAccessorImpl.java:62) ~[na:na]
	at java.base/jdk.internal.reflect.DelegatingConstructorAccessorImpl.newInstance(DelegatingConstructorAccessorImpl.java:45) ~[na:na]
	at java.base/java.lang.reflect.Constructor.newInstance(Constructor.java:488) ~[na:na]
	at com.mysql.cj.exceptions.ExceptionFactory.createException(ExceptionFactory.java:59) ~[mysql-connector-java-8.0.11.jar:8.0.11]
	at com.mysql.cj.exceptions.ExceptionFactory.createException(ExceptionFactory.java:103) ~[mysql-connector-java-8.0.11.jar:8.0.11]
	at com.mysql.cj.exceptions.ExceptionFactory.createException(ExceptionFactory.java:149) ~[mysql-connector-java-8.0.11.jar:8.0.11]
	at com.mysql.cj.exceptions.ExceptionFactory.createCommunicationsException(ExceptionFactory.java:165) ~[mysql-connector-java-8.0.11.jar:8.0.11]
	at com.mysql.cj.protocol.a.NativeSocketConnection.connect(NativeSocketConnection.java:92) ~[mysql-connector-java-8.0.11.jar:8.0.11]
	at com.mysql.cj.NativeSession.connect(NativeSession.java:152) ~[mysql-connector-java-8.0.11.jar:8.0.11]
	at com.mysql.cj.jdbc.ConnectionImpl.connectOneTryOnly(ConnectionImpl.java:982) ~[mysql-connector-java-8.0.11.jar:8.0.11]
	at com.mysql.cj.jdbc.ConnectionImpl.createNewIO(ConnectionImpl.java:852) ~[mysql-connector-java-8.0.11.jar:8.0.11]
	... 83 common frames omitted
Caused by: java.net.ConnectException: Connection refused: connect
	at java.base/java.net.DualStackPlainSocketImpl.connect0(Native Method) ~[na:na]
	at java.base/java.net.DualStackPlainSocketImpl.socketConnect(DualStackPlainSocketImpl.java:79) ~[na:na]
	at java.base/java.net.AbstractPlainSocketImpl.doConnect(AbstractPlainSocketImpl.java:400) ~[na:na]
	at java.base/java.net.AbstractPlainSocketImpl.connectToAddress(AbstractPlainSocketImpl.java:243) ~[na:na]
	at java.base/java.net.AbstractPlainSocketImpl.connect(AbstractPlainSocketImpl.java:225) ~[na:na]
	at java.base/java.net.PlainSocketImpl.connect(PlainSocketImpl.java:148) ~[na:na]
	at java.base/java.net.SocksSocketImpl.connect(SocksSocketImpl.java:402) ~[na:na]
	at java.base/java.net.Socket.connect(Socket.java:591) ~[na:na]
	at com.mysql.cj.protocol.StandardSocketFactory.connect(StandardSocketFactory.java:173) ~[mysql-connector-java-8.0.11.jar:8.0.11]
	at com.mysql.cj.protocol.a.NativeSocketConnection.connect(NativeSocketConnection.java:66) ~[mysql-connector-java-8.0.11.jar:8.0.11]
	... 86 common frames omitted

2019-03-04 12:01:28.022 ERROR 12808 --- [http-nio-8000-exec-2] com.alibaba.druid.pool.DruidDataSource   : {dataSource-1} init error

com.mysql.cj.jdbc.exceptions.CommunicationsException: Communications link failure

The last packet sent successfully to the server was 0 milliseconds ago. The driver has not received any packets from the server.
	at com.mysql.cj.jdbc.exceptions.SQLError.createCommunicationsException(SQLError.java:172) ~[mysql-connector-java-8.0.11.jar:8.0.11]
	at com.mysql.cj.jdbc.exceptions.SQLExceptionsMapping.translateException(SQLExceptionsMapping.java:64) ~[mysql-connector-java-8.0.11.jar:8.0.11]
	at com.mysql.cj.jdbc.ConnectionImpl.createNewIO(ConnectionImpl.java:862) ~[mysql-connector-java-8.0.11.jar:8.0.11]
	at com.mysql.cj.jdbc.ConnectionImpl.<init>(ConnectionImpl.java:444) ~[mysql-connector-java-8.0.11.jar:8.0.11]
	at com.mysql.cj.jdbc.ConnectionImpl.getInstance(ConnectionImpl.java:230) ~[mysql-connector-java-8.0.11.jar:8.0.11]
	at com.mysql.cj.jdbc.NonRegisteringDriver.connect(NonRegisteringDriver.java:226) ~[mysql-connector-java-8.0.11.jar:8.0.11]
	at com.alibaba.druid.filter.FilterChainImpl.connection_connect(FilterChainImpl.java:156) ~[druid-1.1.10.jar:1.1.10]
	at com.alibaba.druid.filter.FilterAdapter.connection_connect(FilterAdapter.java:786) ~[druid-1.1.10.jar:1.1.10]
	at com.alibaba.druid.filter.FilterEventAdapter.connection_connect(FilterEventAdapter.java:38) ~[druid-1.1.10.jar:1.1.10]
	at com.alibaba.druid.filter.FilterChainImpl.connection_connect(FilterChainImpl.java:150) ~[druid-1.1.10.jar:1.1.10]
	at com.alibaba.druid.filter.FilterAdapter.connection_connect(FilterAdapter.java:786) ~[druid-1.1.10.jar:1.1.10]
	at com.alibaba.druid.filter.FilterChainImpl.connection_connect(FilterChainImpl.java:150) ~[druid-1.1.10.jar:1.1.10]
	at com.alibaba.druid.filter.stat.StatFilter.connection_connect(StatFilter.java:218) ~[druid-1.1.10.jar:1.1.10]
	at com.alibaba.druid.filter.FilterChainImpl.connection_connect(FilterChainImpl.java:150) ~[druid-1.1.10.jar:1.1.10]
	at com.alibaba.druid.pool.DruidAbstractDataSource.createPhysicalConnection(DruidAbstractDataSource.java:1560) ~[druid-1.1.10.jar:1.1.10]
	at com.alibaba.druid.pool.DruidAbstractDataSource.createPhysicalConnection(DruidAbstractDataSource.java:1623) ~[druid-1.1.10.jar:1.1.10]
	at com.alibaba.druid.pool.DruidDataSource.init(DruidDataSource.java:861) [druid-1.1.10.jar:1.1.10]
	at com.alibaba.druid.pool.DruidDataSource.getConnection(DruidDataSource.java:1229) [druid-1.1.10.jar:1.1.10]
	at com.alibaba.druid.pool.DruidDataSource.getConnection(DruidDataSource.java:1225) [druid-1.1.10.jar:1.1.10]
	at com.alibaba.druid.pool.DruidDataSource.getConnection(DruidDataSource.java:90) [druid-1.1.10.jar:1.1.10]
	at org.springframework.jdbc.datasource.DataSourceTransactionManager.doBegin(DataSourceTransactionManager.java:262) [spring-jdbc-5.1.5.RELEASE.jar:5.1.5.RELEASE]
	at org.springframework.transaction.support.AbstractPlatformTransactionManager.getTransaction(AbstractPlatformTransactionManager.java:378) [spring-tx-5.1.5.RELEASE.jar:5.1.5.RELEASE]
	at org.springframework.transaction.interceptor.TransactionAspectSupport.createTransactionIfNecessary(TransactionAspectSupport.java:474) [spring-tx-5.1.5.RELEASE.jar:5.1.5.RELEASE]
	at org.springframework.transaction.interceptor.TransactionAspectSupport.invokeWithinTransaction(TransactionAspectSupport.java:289) [spring-tx-5.1.5.RELEASE.jar:5.1.5.RELEASE]
	at org.springframework.transaction.interceptor.TransactionInterceptor.invoke(TransactionInterceptor.java:98) [spring-tx-5.1.5.RELEASE.jar:5.1.5.RELEASE]
	at org.springframework.aop.framework.ReflectiveMethodInvocation.proceed(ReflectiveMethodInvocation.java:186) [spring-aop-5.1.5.RELEASE.jar:5.1.5.RELEASE]
	at org.springframework.aop.framework.CglibAopProxy$DynamicAdvisedInterceptor.intercept(CglibAopProxy.java:688) [spring-aop-5.1.5.RELEASE.jar:5.1.5.RELEASE]
	at cn.cs.Board.service.UserService$$EnhancerBySpringCGLIB$$71c63ac7.getUser(<generated>) [classes/:na]
	at cn.cs.Board.Controller.UserController.login(UserController.java:48) [classes/:na]
	at java.base/jdk.internal.reflect.NativeMethodAccessorImpl.invoke0(Native Method) ~[na:na]
	at java.base/jdk.internal.reflect.NativeMethodAccessorImpl.invoke(NativeMethodAccessorImpl.java:62) ~[na:na]
	at java.base/jdk.internal.reflect.DelegatingMethodAccessorImpl.invoke(DelegatingMethodAccessorImpl.java:43) ~[na:na]
	at java.base/java.lang.reflect.Method.invoke(Method.java:564) ~[na:na]
	at org.springframework.web.method.support.InvocableHandlerMethod.doInvoke(InvocableHandlerMethod.java:189) [spring-web-5.1.5.RELEASE.jar:5.1.5.RELEASE]
	at org.springframework.web.method.support.InvocableHandlerMethod.invokeForRequest(InvocableHandlerMethod.java:138) [spring-web-5.1.5.RELEASE.jar:5.1.5.RELEASE]
	at org.springframework.web.servlet.mvc.method.annotation.ServletInvocableHandlerMethod.invokeAndHandle(ServletInvocableHandlerMethod.java:102) [spring-webmvc-5.1.5.RELEASE.jar:5.1.5.RELEASE]
	at org.springframework.web.servlet.mvc.method.annotation.RequestMappingHandlerAdapter.invokeHandlerMethod(RequestMappingHandlerAdapter.java:895) [spring-webmvc-5.1.5.RELEASE.jar:5.1.5.RELEASE]
	at org.springframework.web.servlet.mvc.method.annotation.RequestMappingHandlerAdapter.handleInternal(RequestMappingHandlerAdapter.java:800) [spring-webmvc-5.1.5.RELEASE.jar:5.1.5.RELEASE]
	at org.springframework.web.servlet.mvc.method.AbstractHandlerMethodAdapter.handle(AbstractHandlerMethodAdapter.java:87) [spring-webmvc-5.1.5.RELEASE.jar:5.1.5.RELEASE]
	at org.springframework.web.servlet.DispatcherServlet.doDispatch(DispatcherServlet.java:1038) [spring-webmvc-5.1.5.RELEASE.jar:5.1.5.RELEASE]
	at org.springframework.web.servlet.DispatcherServlet.doService(DispatcherServlet.java:942) [spring-webmvc-5.1.5.RELEASE.jar:5.1.5.RELEASE]
	at org.springframework.web.servlet.FrameworkServlet.processRequest(FrameworkServlet.java:1005) [spring-webmvc-5.1.5.RELEASE.jar:5.1.5.RELEASE]
	at org.springframework.web.servlet.FrameworkServlet.doPost(FrameworkServlet.java:908) [spring-webmvc-5.1.5.RELEASE.jar:5.1.5.RELEASE]
	at javax.servlet.http.HttpServlet.service(HttpServlet.java:660) [tomcat-embed-core-9.0.16.jar:9.0.16]
	at org.springframework.web.servlet.FrameworkServlet.service(FrameworkServlet.java:882) [spring-webmvc-5.1.5.RELEASE.jar:5.1.5.RELEASE]
	at javax.servlet.http.HttpServlet.service(HttpServlet.java:741) [tomcat-embed-core-9.0.16.jar:9.0.16]
	at org.apache.catalina.core.ApplicationFilterChain.internalDoFilter(ApplicationFilterChain.java:231) [tomcat-embed-core-9.0.16.jar:9.0.16]
	at org.apache.catalina.core.ApplicationFilterChain.doFilter(ApplicationFilterChain.java:166) [tomcat-embed-core-9.0.16.jar:9.0.16]
	at org.apache.tomcat.websocket.server.WsFilter.doFilter(WsFilter.java:53) [tomcat-embed-websocket-9.0.16.jar:9.0.16]
	at org.apache.catalina.core.ApplicationFilterChain.internalDoFilter(ApplicationFilterChain.java:193) [tomcat-embed-core-9.0.16.jar:9.0.16]
	at org.apache.catalina.core.ApplicationFilterChain.doFilter(ApplicationFilterChain.java:166) [tomcat-embed-core-9.0.16.jar:9.0.16]
	at com.alibaba.druid.support.http.WebStatFilter.doFilter(WebStatFilter.java:123) [druid-1.1.10.jar:1.1.10]
	at org.apache.catalina.core.ApplicationFilterChain.internalDoFilter(ApplicationFilterChain.java:193) [tomcat-embed-core-9.0.16.jar:9.0.16]
	at org.apache.catalina.core.ApplicationFilterChain.doFilter(ApplicationFilterChain.java:166) [tomcat-embed-core-9.0.16.jar:9.0.16]
	at org.springframework.web.filter.RequestContextFilter.doFilterInternal(RequestContextFilter.java:99) [spring-web-5.1.5.RELEASE.jar:5.1.5.RELEASE]
	at org.springframework.web.filter.OncePerRequestFilter.doFilter(OncePerRequestFilter.java:107) [spring-web-5.1.5.RELEASE.jar:5.1.5.RELEASE]
	at org.apache.catalina.core.ApplicationFilterChain.internalDoFilter(ApplicationFilterChain.java:193) [tomcat-embed-core-9.0.16.jar:9.0.16]
	at org.apache.catalina.core.ApplicationFilterChain.doFilter(ApplicationFilterChain.java:166) [tomcat-embed-core-9.0.16.jar:9.0.16]
	at org.springframework.web.filter.FormContentFilter.doFilterInternal(FormContentFilter.java:92) [spring-web-5.1.5.RELEASE.jar:5.1.5.RELEASE]
	at org.springframework.web.filter.OncePerRequestFilter.doFilter(OncePerRequestFilter.java:107) [spring-web-5.1.5.RELEASE.jar:5.1.5.RELEASE]
	at org.apache.catalina.core.ApplicationFilterChain.internalDoFilter(ApplicationFilterChain.java:193) [tomcat-embed-core-9.0.16.jar:9.0.16]
	at org.apache.catalina.core.ApplicationFilterChain.doFilter(ApplicationFilterChain.java:166) [tomcat-embed-core-9.0.16.jar:9.0.16]
	at org.springframework.web.filter.HiddenHttpMethodFilter.doFilterInternal(HiddenHttpMethodFilter.java:93) [spring-web-5.1.5.RELEASE.jar:5.1.5.RELEASE]
	at org.springframework.web.filter.OncePerRequestFilter.doFilter(OncePerRequestFilter.java:107) [spring-web-5.1.5.RELEASE.jar:5.1.5.RELEASE]
	at org.apache.catalina.core.ApplicationFilterChain.internalDoFilter(ApplicationFilterChain.java:193) [tomcat-embed-core-9.0.16.jar:9.0.16]
	at org.apache.catalina.core.ApplicationFilterChain.doFilter(ApplicationFilterChain.java:166) [tomcat-embed-core-9.0.16.jar:9.0.16]
	at org.springframework.web.filter.CharacterEncodingFilter.doFilterInternal(CharacterEncodingFilter.java:200) [spring-web-5.1.5.RELEASE.jar:5.1.5.RELEASE]
	at org.springframework.web.filter.OncePerRequestFilter.doFilter(OncePerRequestFilter.java:107) [spring-web-5.1.5.RELEASE.jar:5.1.5.RELEASE]
	at org.apache.catalina.core.ApplicationFilterChain.internalDoFilter(ApplicationFilterChain.java:193) [tomcat-embed-core-9.0.16.jar:9.0.16]
	at org.apache.catalina.core.ApplicationFilterChain.doFilter(ApplicationFilterChain.java:166) [tomcat-embed-core-9.0.16.jar:9.0.16]
	at org.apache.catalina.core.StandardWrapperValve.invoke(StandardWrapperValve.java:200) [tomcat-embed-core-9.0.16.jar:9.0.16]
	at org.apache.catalina.core.StandardContextValve.invoke(StandardContextValve.java:96) [tomcat-embed-core-9.0.16.jar:9.0.16]
	at org.apache.catalina.authenticator.AuthenticatorBase.invoke(AuthenticatorBase.java:490) [tomcat-embed-core-9.0.16.jar:9.0.16]
	at org.apache.catalina.core.StandardHostValve.invoke(StandardHostValve.java:139) [tomcat-embed-core-9.0.16.jar:9.0.16]
	at org.apache.catalina.valves.ErrorReportValve.invoke(ErrorReportValve.java:92) [tomcat-embed-core-9.0.16.jar:9.0.16]
	at org.apache.catalina.core.StandardEngineValve.invoke(StandardEngineValve.java:74) [tomcat-embed-core-9.0.16.jar:9.0.16]
	at org.apache.catalina.connector.CoyoteAdapter.service(CoyoteAdapter.java:343) [tomcat-embed-core-9.0.16.jar:9.0.16]
	at org.apache.coyote.http11.Http11Processor.service(Http11Processor.java:408) [tomcat-embed-core-9.0.16.jar:9.0.16]
	at org.apache.coyote.AbstractProcessorLight.process(AbstractProcessorLight.java:66) [tomcat-embed-core-9.0.16.jar:9.0.16]
	at org.apache.coyote.AbstractProtocol$ConnectionHandler.process(AbstractProtocol.java:834) [tomcat-embed-core-9.0.16.jar:9.0.16]
	at org.apache.tomcat.util.net.NioEndpoint$SocketProcessor.doRun(NioEndpoint.java:1415) [tomcat-embed-core-9.0.16.jar:9.0.16]
	at org.apache.tomcat.util.net.SocketProcessorBase.run(SocketProcessorBase.java:49) [tomcat-embed-core-9.0.16.jar:9.0.16]
	at java.base/java.util.concurrent.ThreadPoolExecutor.runWorker(ThreadPoolExecutor.java:1135) [na:na]
	at java.base/java.util.concurrent.ThreadPoolExecutor$Worker.run(ThreadPoolExecutor.java:635) [na:na]
	at org.apache.tomcat.util.threads.TaskThread$WrappingRunnable.run(TaskThread.java:61) [tomcat-embed-core-9.0.16.jar:9.0.16]
	at java.base/java.lang.Thread.run(Thread.java:844) [na:na]
Caused by: com.mysql.cj.exceptions.CJCommunicationsException: Communications link failure

The last packet sent successfully to the server was 0 milliseconds ago. The driver has not received any packets from the server.
	at java.base/jdk.internal.reflect.NativeConstructorAccessorImpl.newInstance0(Native Method) ~[na:na]
	at java.base/jdk.internal.reflect.NativeConstructorAccessorImpl.newInstance(NativeConstructorAccessorImpl.java:62) ~[na:na]
	at java.base/jdk.internal.reflect.DelegatingConstructorAccessorImpl.newInstance(DelegatingConstructorAccessorImpl.java:45) ~[na:na]
	at java.base/java.lang.reflect.Constructor.newInstance(Constructor.java:488) ~[na:na]
	at com.mysql.cj.exceptions.ExceptionFactory.createException(ExceptionFactory.java:59) ~[mysql-connector-java-8.0.11.jar:8.0.11]
	at com.mysql.cj.exceptions.ExceptionFactory.createException(ExceptionFactory.java:103) ~[mysql-connector-java-8.0.11.jar:8.0.11]
	at com.mysql.cj.exceptions.ExceptionFactory.createException(ExceptionFactory.java:149) ~[mysql-connector-java-8.0.11.jar:8.0.11]
	at com.mysql.cj.exceptions.ExceptionFactory.createCommunicationsException(ExceptionFactory.java:165) ~[mysql-connector-java-8.0.11.jar:8.0.11]
	at com.mysql.cj.protocol.a.NativeSocketConnection.connect(NativeSocketConnection.java:92) ~[mysql-connector-java-8.0.11.jar:8.0.11]
	at com.mysql.cj.NativeSession.connect(NativeSession.java:152) ~[mysql-connector-java-8.0.11.jar:8.0.11]
	at com.mysql.cj.jdbc.ConnectionImpl.connectOneTryOnly(ConnectionImpl.java:982) ~[mysql-connector-java-8.0.11.jar:8.0.11]
	at com.mysql.cj.jdbc.ConnectionImpl.createNewIO(ConnectionImpl.java:852) ~[mysql-connector-java-8.0.11.jar:8.0.11]
	... 83 common frames omitted
Caused by: java.net.ConnectException: Connection refused: connect
	at java.base/java.net.DualStackPlainSocketImpl.connect0(Native Method) ~[na:na]
	at java.base/java.net.DualStackPlainSocketImpl.socketConnect(DualStackPlainSocketImpl.java:79) ~[na:na]
	at java.base/java.net.AbstractPlainSocketImpl.doConnect(AbstractPlainSocketImpl.java:400) ~[na:na]
	at java.base/java.net.AbstractPlainSocketImpl.connectToAddress(AbstractPlainSocketImpl.java:243) ~[na:na]
	at java.base/java.net.AbstractPlainSocketImpl.connect(AbstractPlainSocketImpl.java:225) ~[na:na]
	at java.base/java.net.PlainSocketImpl.connect(PlainSocketImpl.java:148) ~[na:na]
	at java.base/java.net.SocksSocketImpl.connect(SocksSocketImpl.java:402) ~[na:na]
	at java.base/java.net.Socket.connect(Socket.java:591) ~[na:na]
	at com.mysql.cj.protocol.StandardSocketFactory.connect(StandardSocketFactory.java:173) ~[mysql-connector-java-8.0.11.jar:8.0.11]
	at com.mysql.cj.protocol.a.NativeSocketConnection.connect(NativeSocketConnection.java:66) ~[mysql-connector-java-8.0.11.jar:8.0.11]
	... 86 common frames omitted

2019-03-04 12:01:28.025  INFO 12808 --- [http-nio-8000-exec-2] com.alibaba.druid.pool.DruidDataSource   : {dataSource-1} inited
2019-03-04 12:01:28.039 ERROR 12808 --- [http-nio-8000-exec-2] o.a.c.c.C.[.[.[.[dispatcherServlet]      : Servlet.service() for servlet [dispatcherServlet] in context with path [/board] threw exception [Request processing failed; nested exception is org.springframework.transaction.CannotCreateTransactionException: Could not open JDBC Connection for transaction; nested exception is com.mysql.cj.jdbc.exceptions.CommunicationsException: Communications link failure

The last packet sent successfully to the server was 0 milliseconds ago. The driver has not received any packets from the server.] with root cause

java.net.ConnectException: Connection refused: connect
	at java.base/java.net.DualStackPlainSocketImpl.connect0(Native Method) ~[na:na]
	at java.base/java.net.DualStackPlainSocketImpl.socketConnect(DualStackPlainSocketImpl.java:79) ~[na:na]
	at java.base/java.net.AbstractPlainSocketImpl.doConnect(AbstractPlainSocketImpl.java:400) ~[na:na]
	at java.base/java.net.AbstractPlainSocketImpl.connectToAddress(AbstractPlainSocketImpl.java:243) ~[na:na]
	at java.base/java.net.AbstractPlainSocketImpl.connect(AbstractPlainSocketImpl.java:225) ~[na:na]
	at java.base/java.net.PlainSocketImpl.connect(PlainSocketImpl.java:148) ~[na:na]
	at java.base/java.net.SocksSocketImpl.connect(SocksSocketImpl.java:402) ~[na:na]
	at java.base/java.net.Socket.connect(Socket.java:591) ~[na:na]
	at com.mysql.cj.protocol.StandardSocketFactory.connect(StandardSocketFactory.java:173) ~[mysql-connector-java-8.0.11.jar:8.0.11]
	at com.mysql.cj.protocol.a.NativeSocketConnection.connect(NativeSocketConnection.java:66) ~[mysql-connector-java-8.0.11.jar:8.0.11]
	at com.mysql.cj.NativeSession.connect(NativeSession.java:152) ~[mysql-connector-java-8.0.11.jar:8.0.11]
	at com.mysql.cj.jdbc.ConnectionImpl.connectOneTryOnly(ConnectionImpl.java:982) ~[mysql-connector-java-8.0.11.jar:8.0.11]
	at com.mysql.cj.jdbc.ConnectionImpl.createNewIO(ConnectionImpl.java:852) ~[mysql-connector-java-8.0.11.jar:8.0.11]
	at com.mysql.cj.jdbc.ConnectionImpl.<init>(ConnectionImpl.java:444) ~[mysql-connector-java-8.0.11.jar:8.0.11]
	at com.mysql.cj.jdbc.ConnectionImpl.getInstance(ConnectionImpl.java:230) ~[mysql-connector-java-8.0.11.jar:8.0.11]
	at com.mysql.cj.jdbc.NonRegisteringDriver.connect(NonRegisteringDriver.java:226) ~[mysql-connector-java-8.0.11.jar:8.0.11]
	at com.alibaba.druid.filter.FilterChainImpl.connection_connect(FilterChainImpl.java:156) ~[druid-1.1.10.jar:1.1.10]
	at com.alibaba.druid.filter.FilterAdapter.connection_connect(FilterAdapter.java:786) ~[druid-1.1.10.jar:1.1.10]
	at com.alibaba.druid.filter.FilterEventAdapter.connection_connect(FilterEventAdapter.java:38) ~[druid-1.1.10.jar:1.1.10]
	at com.alibaba.druid.filter.FilterChainImpl.connection_connect(FilterChainImpl.java:150) ~[druid-1.1.10.jar:1.1.10]
	at com.alibaba.druid.filter.FilterAdapter.connection_connect(FilterAdapter.java:786) ~[druid-1.1.10.jar:1.1.10]
	at com.alibaba.druid.filter.FilterChainImpl.connection_connect(FilterChainImpl.java:150) ~[druid-1.1.10.jar:1.1.10]
	at com.alibaba.druid.filter.stat.StatFilter.connection_connect(StatFilter.java:218) ~[druid-1.1.10.jar:1.1.10]
	at com.alibaba.druid.filter.FilterChainImpl.connection_connect(FilterChainImpl.java:150) ~[druid-1.1.10.jar:1.1.10]
	at com.alibaba.druid.pool.DruidAbstractDataSource.createPhysicalConnection(DruidAbstractDataSource.java:1560) ~[druid-1.1.10.jar:1.1.10]
	at com.alibaba.druid.pool.DruidAbstractDataSource.createPhysicalConnection(DruidAbstractDataSource.java:1623) ~[druid-1.1.10.jar:1.1.10]
	at com.alibaba.druid.pool.DruidDataSource.init(DruidDataSource.java:861) ~[druid-1.1.10.jar:1.1.10]
	at com.alibaba.druid.pool.DruidDataSource.getConnection(DruidDataSource.java:1229) ~[druid-1.1.10.jar:1.1.10]
	at com.alibaba.druid.pool.DruidDataSource.getConnection(DruidDataSource.java:1225) ~[druid-1.1.10.jar:1.1.10]
	at com.alibaba.druid.pool.DruidDataSource.getConnection(DruidDataSource.java:90) ~[druid-1.1.10.jar:1.1.10]
	at org.springframework.jdbc.datasource.DataSourceTransactionManager.doBegin(DataSourceTransactionManager.java:262) ~[spring-jdbc-5.1.5.RELEASE.jar:5.1.5.RELEASE]
	at org.springframework.transaction.support.AbstractPlatformTransactionManager.getTransaction(AbstractPlatformTransactionManager.java:378) ~[spring-tx-5.1.5.RELEASE.jar:5.1.5.RELEASE]
	at org.springframework.transaction.interceptor.TransactionAspectSupport.createTransactionIfNecessary(TransactionAspectSupport.java:474) ~[spring-tx-5.1.5.RELEASE.jar:5.1.5.RELEASE]
	at org.springframework.transaction.interceptor.TransactionAspectSupport.invokeWithinTransaction(TransactionAspectSupport.java:289) ~[spring-tx-5.1.5.RELEASE.jar:5.1.5.RELEASE]
	at org.springframework.transaction.interceptor.TransactionInterceptor.invoke(TransactionInterceptor.java:98) ~[spring-tx-5.1.5.RELEASE.jar:5.1.5.RELEASE]
	at org.springframework.aop.framework.ReflectiveMethodInvocation.proceed(ReflectiveMethodInvocation.java:186) ~[spring-aop-5.1.5.RELEASE.jar:5.1.5.RELEASE]
	at org.springframework.aop.framework.CglibAopProxy$DynamicAdvisedInterceptor.intercept(CglibAopProxy.java:688) ~[spring-aop-5.1.5.RELEASE.jar:5.1.5.RELEASE]
	at cn.cs.Board.service.UserService$$EnhancerBySpringCGLIB$$71c63ac7.getUser(<generated>) ~[classes/:na]
	at cn.cs.Board.Controller.UserController.login(UserController.java:48) ~[classes/:na]
	at java.base/jdk.internal.reflect.NativeMethodAccessorImpl.invoke0(Native Method) ~[na:na]
	at java.base/jdk.internal.reflect.NativeMethodAccessorImpl.invoke(NativeMethodAccessorImpl.java:62) ~[na:na]
	at java.base/jdk.internal.reflect.DelegatingMethodAccessorImpl.invoke(DelegatingMethodAccessorImpl.java:43) ~[na:na]
	at java.base/java.lang.reflect.Method.invoke(Method.java:564) ~[na:na]
	at org.springframework.web.method.support.InvocableHandlerMethod.doInvoke(InvocableHandlerMethod.java:189) ~[spring-web-5.1.5.RELEASE.jar:5.1.5.RELEASE]
	at org.springframework.web.method.support.InvocableHandlerMethod.invokeForRequest(InvocableHandlerMethod.java:138) ~[spring-web-5.1.5.RELEASE.jar:5.1.5.RELEASE]
	at org.springframework.web.servlet.mvc.method.annotation.ServletInvocableHandlerMethod.invokeAndHandle(ServletInvocableHandlerMethod.java:102) ~[spring-webmvc-5.1.5.RELEASE.jar:5.1.5.RELEASE]
	at org.springframework.web.servlet.mvc.method.annotation.RequestMappingHandlerAdapter.invokeHandlerMethod(RequestMappingHandlerAdapter.java:895) ~[spring-webmvc-5.1.5.RELEASE.jar:5.1.5.RELEASE]
	at org.springframework.web.servlet.mvc.method.annotation.RequestMappingHandlerAdapter.handleInternal(RequestMappingHandlerAdapter.java:800) ~[spring-webmvc-5.1.5.RELEASE.jar:5.1.5.RELEASE]
	at org.springframework.web.servlet.mvc.method.AbstractHandlerMethodAdapter.handle(AbstractHandlerMethodAdapter.java:87) ~[spring-webmvc-5.1.5.RELEASE.jar:5.1.5.RELEASE]
	at org.springframework.web.servlet.DispatcherServlet.doDispatch(DispatcherServlet.java:1038) ~[spring-webmvc-5.1.5.RELEASE.jar:5.1.5.RELEASE]
	at org.springframework.web.servlet.DispatcherServlet.doService(DispatcherServlet.java:942) ~[spring-webmvc-5.1.5.RELEASE.jar:5.1.5.RELEASE]
	at org.springframework.web.servlet.FrameworkServlet.processRequest(FrameworkServlet.java:1005) ~[spring-webmvc-5.1.5.RELEASE.jar:5.1.5.RELEASE]
	at org.springframework.web.servlet.FrameworkServlet.doPost(FrameworkServlet.java:908) ~[spring-webmvc-5.1.5.RELEASE.jar:5.1.5.RELEASE]
	at javax.servlet.http.HttpServlet.service(HttpServlet.java:660) ~[tomcat-embed-core-9.0.16.jar:9.0.16]
	at org.springframework.web.servlet.FrameworkServlet.service(FrameworkServlet.java:882) ~[spring-webmvc-5.1.5.RELEASE.jar:5.1.5.RELEASE]
	at javax.servlet.http.HttpServlet.service(HttpServlet.java:741) ~[tomcat-embed-core-9.0.16.jar:9.0.16]
	at org.apache.catalina.core.ApplicationFilterChain.internalDoFilter(ApplicationFilterChain.java:231) ~[tomcat-embed-core-9.0.16.jar:9.0.16]
	at org.apache.catalina.core.ApplicationFilterChain.doFilter(ApplicationFilterChain.java:166) ~[tomcat-embed-core-9.0.16.jar:9.0.16]
	at org.apache.tomcat.websocket.server.WsFilter.doFilter(WsFilter.java:53) ~[tomcat-embed-websocket-9.0.16.jar:9.0.16]
	at org.apache.catalina.core.ApplicationFilterChain.internalDoFilter(ApplicationFilterChain.java:193) ~[tomcat-embed-core-9.0.16.jar:9.0.16]
	at org.apache.catalina.core.ApplicationFilterChain.doFilter(ApplicationFilterChain.java:166) ~[tomcat-embed-core-9.0.16.jar:9.0.16]
	at com.alibaba.druid.support.http.WebStatFilter.doFilter(WebStatFilter.java:123) ~[druid-1.1.10.jar:1.1.10]
	at org.apache.catalina.core.ApplicationFilterChain.internalDoFilter(ApplicationFilterChain.java:193) ~[tomcat-embed-core-9.0.16.jar:9.0.16]
	at org.apache.catalina.core.ApplicationFilterChain.doFilter(ApplicationFilterChain.java:166) ~[tomcat-embed-core-9.0.16.jar:9.0.16]
	at org.springframework.web.filter.RequestContextFilter.doFilterInternal(RequestContextFilter.java:99) ~[spring-web-5.1.5.RELEASE.jar:5.1.5.RELEASE]
	at org.springframework.web.filter.OncePerRequestFilter.doFilter(OncePerRequestFilter.java:107) ~[spring-web-5.1.5.RELEASE.jar:5.1.5.RELEASE]
	at org.apache.catalina.core.ApplicationFilterChain.internalDoFilter(ApplicationFilterChain.java:193) ~[tomcat-embed-core-9.0.16.jar:9.0.16]
	at org.apache.catalina.core.ApplicationFilterChain.doFilter(ApplicationFilterChain.java:166) ~[tomcat-embed-core-9.0.16.jar:9.0.16]
	at org.springframework.web.filter.FormContentFilter.doFilterInternal(FormContentFilter.java:92) ~[spring-web-5.1.5.RELEASE.jar:5.1.5.RELEASE]
	at org.springframework.web.filter.OncePerRequestFilter.doFilter(OncePerRequestFilter.java:107) ~[spring-web-5.1.5.RELEASE.jar:5.1.5.RELEASE]
	at org.apache.catalina.core.ApplicationFilterChain.internalDoFilter(ApplicationFilterChain.java:193) ~[tomcat-embed-core-9.0.16.jar:9.0.16]
	at org.apache.catalina.core.ApplicationFilterChain.doFilter(ApplicationFilterChain.java:166) ~[tomcat-embed-core-9.0.16.jar:9.0.16]
	at org.springframework.web.filter.HiddenHttpMethodFilter.doFilterInternal(HiddenHttpMethodFilter.java:93) ~[spring-web-5.1.5.RELEASE.jar:5.1.5.RELEASE]
	at org.springframework.web.filter.OncePerRequestFilter.doFilter(OncePerRequestFilter.java:107) ~[spring-web-5.1.5.RELEASE.jar:5.1.5.RELEASE]
	at org.apache.catalina.core.ApplicationFilterChain.internalDoFilter(ApplicationFilterChain.java:193) ~[tomcat-embed-core-9.0.16.jar:9.0.16]
	at org.apache.catalina.core.ApplicationFilterChain.doFilter(ApplicationFilterChain.java:166) ~[tomcat-embed-core-9.0.16.jar:9.0.16]
	at org.springframework.web.filter.CharacterEncodingFilter.doFilterInternal(CharacterEncodingFilter.java:200) ~[spring-web-5.1.5.RELEASE.jar:5.1.5.RELEASE]
	at org.springframework.web.filter.OncePerRequestFilter.doFilter(OncePerRequestFilter.java:107) ~[spring-web-5.1.5.RELEASE.jar:5.1.5.RELEASE]
	at org.apache.catalina.core.ApplicationFilterChain.internalDoFilter(ApplicationFilterChain.java:193) ~[tomcat-embed-core-9.0.16.jar:9.0.16]
	at org.apache.catalina.core.ApplicationFilterChain.doFilter(ApplicationFilterChain.java:166) ~[tomcat-embed-core-9.0.16.jar:9.0.16]
	at org.apache.catalina.core.StandardWrapperValve.invoke(StandardWrapperValve.java:200) ~[tomcat-embed-core-9.0.16.jar:9.0.16]
	at org.apache.catalina.core.StandardContextValve.invoke(StandardContextValve.java:96) [tomcat-embed-core-9.0.16.jar:9.0.16]
	at org.apache.catalina.authenticator.AuthenticatorBase.invoke(AuthenticatorBase.java:490) [tomcat-embed-core-9.0.16.jar:9.0.16]
	at org.apache.catalina.core.StandardHostValve.invoke(StandardHostValve.java:139) [tomcat-embed-core-9.0.16.jar:9.0.16]
	at org.apache.catalina.valves.ErrorReportValve.invoke(ErrorReportValve.java:92) [tomcat-embed-core-9.0.16.jar:9.0.16]
	at org.apache.catalina.core.StandardEngineValve.invoke(StandardEngineValve.java:74) [tomcat-embed-core-9.0.16.jar:9.0.16]
	at org.apache.catalina.connector.CoyoteAdapter.service(CoyoteAdapter.java:343) [tomcat-embed-core-9.0.16.jar:9.0.16]
	at org.apache.coyote.http11.Http11Processor.service(Http11Processor.java:408) [tomcat-embed-core-9.0.16.jar:9.0.16]
	at org.apache.coyote.AbstractProcessorLight.process(AbstractProcessorLight.java:66) [tomcat-embed-core-9.0.16.jar:9.0.16]
	at org.apache.coyote.AbstractProtocol$ConnectionHandler.process(AbstractProtocol.java:834) [tomcat-embed-core-9.0.16.jar:9.0.16]
	at org.apache.tomcat.util.net.NioEndpoint$SocketProcessor.doRun(NioEndpoint.java:1415) [tomcat-embed-core-9.0.16.jar:9.0.16]
	at org.apache.tomcat.util.net.SocketProcessorBase.run(SocketProcessorBase.java:49) [tomcat-embed-core-9.0.16.jar:9.0.16]
	at java.base/java.util.concurrent.ThreadPoolExecutor.runWorker(ThreadPoolExecutor.java:1135) [na:na]
	at java.base/java.util.concurrent.ThreadPoolExecutor$Worker.run(ThreadPoolExecutor.java:635) [na:na]
	at org.apache.tomcat.util.threads.TaskThread$WrappingRunnable.run(TaskThread.java:61) [tomcat-embed-core-9.0.16.jar:9.0.16]
	at java.base/java.lang.Thread.run(Thread.java:844) [na:na]

2019-03-04 12:01:30.040 ERROR 12808 --- [Druid-ConnectionPool-Create-592124451] com.alibaba.druid.pool.DruidDataSource   : create connection SQLException, url: jdbc:mysql://localhost:3306/msgboard?useSSL=false&createDatabaseIfNotExist=true&useUnicode=true&characterEncoding=UTF-8&serverTimezone=GMT, errorCode 0, state 08S01

com.mysql.cj.jdbc.exceptions.CommunicationsException: Communications link failure

The last packet sent successfully to the server was 0 milliseconds ago. The driver has not received any packets from the server.
	at com.mysql.cj.jdbc.exceptions.SQLError.createCommunicationsException(SQLError.java:172) ~[mysql-connector-java-8.0.11.jar:8.0.11]
	at com.mysql.cj.jdbc.exceptions.SQLExceptionsMapping.translateException(SQLExceptionsMapping.java:64) ~[mysql-connector-java-8.0.11.jar:8.0.11]
	at com.mysql.cj.jdbc.ConnectionImpl.createNewIO(ConnectionImpl.java:862) ~[mysql-connector-java-8.0.11.jar:8.0.11]
	at com.mysql.cj.jdbc.ConnectionImpl.<init>(ConnectionImpl.java:444) ~[mysql-connector-java-8.0.11.jar:8.0.11]
	at com.mysql.cj.jdbc.ConnectionImpl.getInstance(ConnectionImpl.java:230) ~[mysql-connector-java-8.0.11.jar:8.0.11]
	at com.mysql.cj.jdbc.NonRegisteringDriver.connect(NonRegisteringDriver.java:226) ~[mysql-connector-java-8.0.11.jar:8.0.11]
	at com.alibaba.druid.filter.FilterChainImpl.connection_connect(FilterChainImpl.java:156) ~[druid-1.1.10.jar:1.1.10]
	at com.alibaba.druid.filter.FilterAdapter.connection_connect(FilterAdapter.java:786) ~[druid-1.1.10.jar:1.1.10]
	at com.alibaba.druid.filter.FilterEventAdapter.connection_connect(FilterEventAdapter.java:38) ~[druid-1.1.10.jar:1.1.10]
	at com.alibaba.druid.filter.FilterChainImpl.connection_connect(FilterChainImpl.java:150) ~[druid-1.1.10.jar:1.1.10]
	at com.alibaba.druid.filter.FilterAdapter.connection_connect(FilterAdapter.java:786) ~[druid-1.1.10.jar:1.1.10]
	at com.alibaba.druid.filter.FilterChainImpl.connection_connect(FilterChainImpl.java:150) ~[druid-1.1.10.jar:1.1.10]
	at com.alibaba.druid.filter.stat.StatFilter.connection_connect(StatFilter.java:218) ~[druid-1.1.10.jar:1.1.10]
	at com.alibaba.druid.filter.FilterChainImpl.connection_connect(FilterChainImpl.java:150) ~[druid-1.1.10.jar:1.1.10]
	at com.alibaba.druid.pool.DruidAbstractDataSource.createPhysicalConnection(DruidAbstractDataSource.java:1560) ~[druid-1.1.10.jar:1.1.10]
	at com.alibaba.druid.pool.DruidAbstractDataSource.createPhysicalConnection(DruidAbstractDataSource.java:1623) ~[druid-1.1.10.jar:1.1.10]
	at com.alibaba.druid.pool.DruidDataSource$CreateConnectionThread.run(DruidDataSource.java:2468) ~[druid-1.1.10.jar:1.1.10]
Caused by: com.mysql.cj.exceptions.CJCommunicationsException: Communications link failure

The last packet sent successfully to the server was 0 milliseconds ago. The driver has not received any packets from the server.
	at java.base/jdk.internal.reflect.NativeConstructorAccessorImpl.newInstance0(Native Method) ~[na:na]
	at java.base/jdk.internal.reflect.NativeConstructorAccessorImpl.newInstance(NativeConstructorAccessorImpl.java:62) ~[na:na]
	at java.base/jdk.internal.reflect.DelegatingConstructorAccessorImpl.newInstance(DelegatingConstructorAccessorImpl.java:45) ~[na:na]
	at java.base/java.lang.reflect.Constructor.newInstance(Constructor.java:488) ~[na:na]
	at com.mysql.cj.exceptions.ExceptionFactory.createException(ExceptionFactory.java:59) ~[mysql-connector-java-8.0.11.jar:8.0.11]
	at com.mysql.cj.exceptions.ExceptionFactory.createException(ExceptionFactory.java:103) ~[mysql-connector-java-8.0.11.jar:8.0.11]
	at com.mysql.cj.exceptions.ExceptionFactory.createException(ExceptionFactory.java:149) ~[mysql-connector-java-8.0.11.jar:8.0.11]
	at com.mysql.cj.exceptions.ExceptionFactory.createCommunicationsException(ExceptionFactory.java:165) ~[mysql-connector-java-8.0.11.jar:8.0.11]
	at com.mysql.cj.protocol.a.NativeSocketConnection.connect(NativeSocketConnection.java:92) ~[mysql-connector-java-8.0.11.jar:8.0.11]
	at com.mysql.cj.NativeSession.connect(NativeSession.java:152) ~[mysql-connector-java-8.0.11.jar:8.0.11]
	at com.mysql.cj.jdbc.ConnectionImpl.connectOneTryOnly(ConnectionImpl.java:982) ~[mysql-connector-java-8.0.11.jar:8.0.11]
	at com.mysql.cj.jdbc.ConnectionImpl.createNewIO(ConnectionImpl.java:852) ~[mysql-connector-java-8.0.11.jar:8.0.11]
	... 14 common frames omitted
Caused by: java.net.ConnectException: Connection refused: connect
	at java.base/java.net.DualStackPlainSocketImpl.connect0(Native Method) ~[na:na]
	at java.base/java.net.DualStackPlainSocketImpl.socketConnect(DualStackPlainSocketImpl.java:79) ~[na:na]
	at java.base/java.net.AbstractPlainSocketImpl.doConnect(AbstractPlainSocketImpl.java:400) ~[na:na]
	at java.base/java.net.AbstractPlainSocketImpl.connectToAddress(AbstractPlainSocketImpl.java:243) ~[na:na]
	at java.base/java.net.AbstractPlainSocketImpl.connect(AbstractPlainSocketImpl.java:225) ~[na:na]
	at java.base/java.net.PlainSocketImpl.connect(PlainSocketImpl.java:148) ~[na:na]
	at java.base/java.net.SocksSocketImpl.connect(SocksSocketImpl.java:402) ~[na:na]
	at java.base/java.net.Socket.connect(Socket.java:591) ~[na:na]
	at com.mysql.cj.protocol.StandardSocketFactory.connect(StandardSocketFactory.java:173) ~[mysql-connector-java-8.0.11.jar:8.0.11]
	at com.mysql.cj.protocol.a.NativeSocketConnection.connect(NativeSocketConnection.java:66) ~[mysql-connector-java-8.0.11.jar:8.0.11]
	... 17 common frames omitted

2019-03-04 12:01:32.055 ERROR 12808 --- [Druid-ConnectionPool-Create-592124451] com.alibaba.druid.pool.DruidDataSource   : create connection SQLException, url: jdbc:mysql://localhost:3306/msgboard?useSSL=false&createDatabaseIfNotExist=true&useUnicode=true&characterEncoding=UTF-8&serverTimezone=GMT, errorCode 0, state 08S01

com.mysql.cj.jdbc.exceptions.CommunicationsException: Communications link failure

The last packet sent successfully to the server was 0 milliseconds ago. The driver has not received any packets from the server.
	at com.mysql.cj.jdbc.exceptions.SQLError.createCommunicationsException(SQLError.java:172) ~[mysql-connector-java-8.0.11.jar:8.0.11]
	at com.mysql.cj.jdbc.exceptions.SQLExceptionsMapping.translateException(SQLExceptionsMapping.java:64) ~[mysql-connector-java-8.0.11.jar:8.0.11]
	at com.mysql.cj.jdbc.ConnectionImpl.createNewIO(ConnectionImpl.java:862) ~[mysql-connector-java-8.0.11.jar:8.0.11]
	at com.mysql.cj.jdbc.ConnectionImpl.<init>(ConnectionImpl.java:444) ~[mysql-connector-java-8.0.11.jar:8.0.11]
	at com.mysql.cj.jdbc.ConnectionImpl.getInstance(ConnectionImpl.java:230) ~[mysql-connector-java-8.0.11.jar:8.0.11]
	at com.mysql.cj.jdbc.NonRegisteringDriver.connect(NonRegisteringDriver.java:226) ~[mysql-connector-java-8.0.11.jar:8.0.11]
	at com.alibaba.druid.filter.FilterChainImpl.connection_connect(FilterChainImpl.java:156) ~[druid-1.1.10.jar:1.1.10]
	at com.alibaba.druid.filter.FilterAdapter.connection_connect(FilterAdapter.java:786) ~[druid-1.1.10.jar:1.1.10]
	at com.alibaba.druid.filter.FilterEventAdapter.connection_connect(FilterEventAdapter.java:38) ~[druid-1.1.10.jar:1.1.10]
	at com.alibaba.druid.filter.FilterChainImpl.connection_connect(FilterChainImpl.java:150) ~[druid-1.1.10.jar:1.1.10]
	at com.alibaba.druid.filter.FilterAdapter.connection_connect(FilterAdapter.java:786) ~[druid-1.1.10.jar:1.1.10]
	at com.alibaba.druid.filter.FilterChainImpl.connection_connect(FilterChainImpl.java:150) ~[druid-1.1.10.jar:1.1.10]
	at com.alibaba.druid.filter.stat.StatFilter.connection_connect(StatFilter.java:218) ~[druid-1.1.10.jar:1.1.10]
	at com.alibaba.druid.filter.FilterChainImpl.connection_connect(FilterChainImpl.java:150) ~[druid-1.1.10.jar:1.1.10]
	at com.alibaba.druid.pool.DruidAbstractDataSource.createPhysicalConnection(DruidAbstractDataSource.java:1560) ~[druid-1.1.10.jar:1.1.10]
	at com.alibaba.druid.pool.DruidAbstractDataSource.createPhysicalConnection(DruidAbstractDataSource.java:1623) ~[druid-1.1.10.jar:1.1.10]
	at com.alibaba.druid.pool.DruidDataSource$CreateConnectionThread.run(DruidDataSource.java:2468) ~[druid-1.1.10.jar:1.1.10]
Caused by: com.mysql.cj.exceptions.CJCommunicationsException: Communications link failure

The last packet sent successfully to the server was 0 milliseconds ago. The driver has not received any packets from the server.
	at java.base/jdk.internal.reflect.NativeConstructorAccessorImpl.newInstance0(Native Method) ~[na:na]
	at java.base/jdk.internal.reflect.NativeConstructorAccessorImpl.newInstance(NativeConstructorAccessorImpl.java:62) ~[na:na]
	at java.base/jdk.internal.reflect.DelegatingConstructorAccessorImpl.newInstance(DelegatingConstructorAccessorImpl.java:45) ~[na:na]
	at java.base/java.lang.reflect.Constructor.newInstance(Constructor.java:488) ~[na:na]
	at com.mysql.cj.exceptions.ExceptionFactory.createException(ExceptionFactory.java:59) ~[mysql-connector-java-8.0.11.jar:8.0.11]
	at com.mysql.cj.exceptions.ExceptionFactory.createException(ExceptionFactory.java:103) ~[mysql-connector-java-8.0.11.jar:8.0.11]
	at com.mysql.cj.exceptions.ExceptionFactory.createException(ExceptionFactory.java:149) ~[mysql-connector-java-8.0.11.jar:8.0.11]
	at com.mysql.cj.exceptions.ExceptionFactory.createCommunicationsException(ExceptionFactory.java:165) ~[mysql-connector-java-8.0.11.jar:8.0.11]
	at com.mysql.cj.protocol.a.NativeSocketConnection.connect(NativeSocketConnection.java:92) ~[mysql-connector-java-8.0.11.jar:8.0.11]
	at com.mysql.cj.NativeSession.connect(NativeSession.java:152) ~[mysql-connector-java-8.0.11.jar:8.0.11]
	at com.mysql.cj.jdbc.ConnectionImpl.connectOneTryOnly(ConnectionImpl.java:982) ~[mysql-connector-java-8.0.11.jar:8.0.11]
	at com.mysql.cj.jdbc.ConnectionImpl.createNewIO(ConnectionImpl.java:852) ~[mysql-connector-java-8.0.11.jar:8.0.11]
	... 14 common frames omitted
Caused by: java.net.ConnectException: Connection refused: connect
	at java.base/java.net.DualStackPlainSocketImpl.connect0(Native Method) ~[na:na]
	at java.base/java.net.DualStackPlainSocketImpl.socketConnect(DualStackPlainSocketImpl.java:79) ~[na:na]
	at java.base/java.net.AbstractPlainSocketImpl.doConnect(AbstractPlainSocketImpl.java:400) ~[na:na]
	at java.base/java.net.AbstractPlainSocketImpl.connectToAddress(AbstractPlainSocketImpl.java:243) ~[na:na]
	at java.base/java.net.AbstractPlainSocketImpl.connect(AbstractPlainSocketImpl.java:225) ~[na:na]
	at java.base/java.net.PlainSocketImpl.connect(PlainSocketImpl.java:148) ~[na:na]
	at java.base/java.net.SocksSocketImpl.connect(SocksSocketImpl.java:402) ~[na:na]
	at java.base/java.net.Socket.connect(Socket.java:591) ~[na:na]
	at com.mysql.cj.protocol.StandardSocketFactory.connect(StandardSocketFactory.java:173) ~[mysql-connector-java-8.0.11.jar:8.0.11]
	at com.mysql.cj.protocol.a.NativeSocketConnection.connect(NativeSocketConnection.java:66) ~[mysql-connector-java-8.0.11.jar:8.0.11]
	... 17 common frames omitted

2019-03-04 12:01:34.567 ERROR 12808 --- [Druid-ConnectionPool-Create-592124451] com.alibaba.druid.pool.DruidDataSource   : create connection SQLException, url: jdbc:mysql://localhost:3306/msgboard?useSSL=false&createDatabaseIfNotExist=true&useUnicode=true&characterEncoding=UTF-8&serverTimezone=GMT, errorCode 0, state 08S01

com.mysql.cj.jdbc.exceptions.CommunicationsException: Communications link failure

The last packet sent successfully to the server was 0 milliseconds ago. The driver has not received any packets from the server.
	at com.mysql.cj.jdbc.exceptions.SQLError.createCommunicationsException(SQLError.java:172) ~[mysql-connector-java-8.0.11.jar:8.0.11]
	at com.mysql.cj.jdbc.exceptions.SQLExceptionsMapping.translateException(SQLExceptionsMapping.java:64) ~[mysql-connector-java-8.0.11.jar:8.0.11]
	at com.mysql.cj.jdbc.ConnectionImpl.createNewIO(ConnectionImpl.java:862) ~[mysql-connector-java-8.0.11.jar:8.0.11]
	at com.mysql.cj.jdbc.ConnectionImpl.<init>(ConnectionImpl.java:444) ~[mysql-connector-java-8.0.11.jar:8.0.11]
	at com.mysql.cj.jdbc.ConnectionImpl.getInstance(ConnectionImpl.java:230) ~[mysql-connector-java-8.0.11.jar:8.0.11]
	at com.mysql.cj.jdbc.NonRegisteringDriver.connect(NonRegisteringDriver.java:226) ~[mysql-connector-java-8.0.11.jar:8.0.11]
	at com.alibaba.druid.filter.FilterChainImpl.connection_connect(FilterChainImpl.java:156) ~[druid-1.1.10.jar:1.1.10]
	at com.alibaba.druid.filter.FilterAdapter.connection_connect(FilterAdapter.java:786) ~[druid-1.1.10.jar:1.1.10]
	at com.alibaba.druid.filter.FilterEventAdapter.connection_connect(FilterEventAdapter.java:38) ~[druid-1.1.10.jar:1.1.10]
	at com.alibaba.druid.filter.FilterChainImpl.connection_connect(FilterChainImpl.java:150) ~[druid-1.1.10.jar:1.1.10]
	at com.alibaba.druid.filter.FilterAdapter.connection_connect(FilterAdapter.java:786) ~[druid-1.1.10.jar:1.1.10]
	at com.alibaba.druid.filter.FilterChainImpl.connection_connect(FilterChainImpl.java:150) ~[druid-1.1.10.jar:1.1.10]
	at com.alibaba.druid.filter.stat.StatFilter.connection_connect(StatFilter.java:218) ~[druid-1.1.10.jar:1.1.10]
	at com.alibaba.druid.filter.FilterChainImpl.connection_connect(FilterChainImpl.java:150) ~[druid-1.1.10.jar:1.1.10]
	at com.alibaba.druid.pool.DruidAbstractDataSource.createPhysicalConnection(DruidAbstractDataSource.java:1560) ~[druid-1.1.10.jar:1.1.10]
	at com.alibaba.druid.pool.DruidAbstractDataSource.createPhysicalConnection(DruidAbstractDataSource.java:1623) ~[druid-1.1.10.jar:1.1.10]
	at com.alibaba.druid.pool.DruidDataSource$CreateConnectionThread.run(DruidDataSource.java:2468) ~[druid-1.1.10.jar:1.1.10]
Caused by: com.mysql.cj.exceptions.CJCommunicationsException: Communications link failure

The last packet sent successfully to the server was 0 milliseconds ago. The driver has not received any packets from the server.
	at java.base/jdk.internal.reflect.NativeConstructorAccessorImpl.newInstance0(Native Method) ~[na:na]
	at java.base/jdk.internal.reflect.NativeConstructorAccessorImpl.newInstance(NativeConstructorAccessorImpl.java:62) ~[na:na]
	at java.base/jdk.internal.reflect.DelegatingConstructorAccessorImpl.newInstance(DelegatingConstructorAccessorImpl.java:45) ~[na:na]
	at java.base/java.lang.reflect.Constructor.newInstance(Constructor.java:488) ~[na:na]
	at com.mysql.cj.exceptions.ExceptionFactory.createException(ExceptionFactory.java:59) ~[mysql-connector-java-8.0.11.jar:8.0.11]
	at com.mysql.cj.exceptions.ExceptionFactory.createException(ExceptionFactory.java:103) ~[mysql-connector-java-8.0.11.jar:8.0.11]
	at com.mysql.cj.exceptions.ExceptionFactory.createException(ExceptionFactory.java:149) ~[mysql-connector-java-8.0.11.jar:8.0.11]
	at com.mysql.cj.exceptions.ExceptionFactory.createCommunicationsException(ExceptionFactory.java:165) ~[mysql-connector-java-8.0.11.jar:8.0.11]
	at com.mysql.cj.protocol.a.NativeSocketConnection.connect(NativeSocketConnection.java:92) ~[mysql-connector-java-8.0.11.jar:8.0.11]
	at com.mysql.cj.NativeSession.connect(NativeSession.java:152) ~[mysql-connector-java-8.0.11.jar:8.0.11]
	at com.mysql.cj.jdbc.ConnectionImpl.connectOneTryOnly(ConnectionImpl.java:982) ~[mysql-connector-java-8.0.11.jar:8.0.11]
	at com.mysql.cj.jdbc.ConnectionImpl.createNewIO(ConnectionImpl.java:852) ~[mysql-connector-java-8.0.11.jar:8.0.11]
	... 14 common frames omitted
Caused by: java.net.ConnectException: Connection refused: connect
	at java.base/java.net.DualStackPlainSocketImpl.connect0(Native Method) ~[na:na]
	at java.base/java.net.DualStackPlainSocketImpl.socketConnect(DualStackPlainSocketImpl.java:79) ~[na:na]
	at java.base/java.net.AbstractPlainSocketImpl.doConnect(AbstractPlainSocketImpl.java:400) ~[na:na]
	at java.base/java.net.AbstractPlainSocketImpl.connectToAddress(AbstractPlainSocketImpl.java:243) ~[na:na]
	at java.base/java.net.AbstractPlainSocketImpl.connect(AbstractPlainSocketImpl.java:225) ~[na:na]
	at java.base/java.net.PlainSocketImpl.connect(PlainSocketImpl.java:148) ~[na:na]
	at java.base/java.net.SocksSocketImpl.connect(SocksSocketImpl.java:402) ~[na:na]
	at java.base/java.net.Socket.connect(Socket.java:591) ~[na:na]
	at com.mysql.cj.protocol.StandardSocketFactory.connect(StandardSocketFactory.java:173) ~[mysql-connector-java-8.0.11.jar:8.0.11]
	at com.mysql.cj.protocol.a.NativeSocketConnection.connect(NativeSocketConnection.java:66) ~[mysql-connector-java-8.0.11.jar:8.0.11]
	... 17 common frames omitted

2019-03-04 12:01:37.074 ERROR 12808 --- [Druid-ConnectionPool-Create-592124451] com.alibaba.druid.pool.DruidDataSource   : create connection SQLException, url: jdbc:mysql://localhost:3306/msgboard?useSSL=false&createDatabaseIfNotExist=true&useUnicode=true&characterEncoding=UTF-8&serverTimezone=GMT, errorCode 0, state 08S01

com.mysql.cj.jdbc.exceptions.CommunicationsException: Communications link failure

The last packet sent successfully to the server was 0 milliseconds ago. The driver has not received any packets from the server.
	at com.mysql.cj.jdbc.exceptions.SQLError.createCommunicationsException(SQLError.java:172) ~[mysql-connector-java-8.0.11.jar:8.0.11]
	at com.mysql.cj.jdbc.exceptions.SQLExceptionsMapping.translateException(SQLExceptionsMapping.java:64) ~[mysql-connector-java-8.0.11.jar:8.0.11]
	at com.mysql.cj.jdbc.ConnectionImpl.createNewIO(ConnectionImpl.java:862) ~[mysql-connector-java-8.0.11.jar:8.0.11]
	at com.mysql.cj.jdbc.ConnectionImpl.<init>(ConnectionImpl.java:444) ~[mysql-connector-java-8.0.11.jar:8.0.11]
	at com.mysql.cj.jdbc.ConnectionImpl.getInstance(ConnectionImpl.java:230) ~[mysql-connector-java-8.0.11.jar:8.0.11]
	at com.mysql.cj.jdbc.NonRegisteringDriver.connect(NonRegisteringDriver.java:226) ~[mysql-connector-java-8.0.11.jar:8.0.11]
	at com.alibaba.druid.filter.FilterChainImpl.connection_connect(FilterChainImpl.java:156) ~[druid-1.1.10.jar:1.1.10]
	at com.alibaba.druid.filter.FilterAdapter.connection_connect(FilterAdapter.java:786) ~[druid-1.1.10.jar:1.1.10]
	at com.alibaba.druid.filter.FilterEventAdapter.connection_connect(FilterEventAdapter.java:38) ~[druid-1.1.10.jar:1.1.10]
	at com.alibaba.druid.filter.FilterChainImpl.connection_connect(FilterChainImpl.java:150) ~[druid-1.1.10.jar:1.1.10]
	at com.alibaba.druid.filter.FilterAdapter.connection_connect(FilterAdapter.java:786) ~[druid-1.1.10.jar:1.1.10]
	at com.alibaba.druid.filter.FilterChainImpl.connection_connect(FilterChainImpl.java:150) ~[druid-1.1.10.jar:1.1.10]
	at com.alibaba.druid.filter.stat.StatFilter.connection_connect(StatFilter.java:218) ~[druid-1.1.10.jar:1.1.10]
	at com.alibaba.druid.filter.FilterChainImpl.connection_connect(FilterChainImpl.java:150) ~[druid-1.1.10.jar:1.1.10]
	at com.alibaba.druid.pool.DruidAbstractDataSource.createPhysicalConnection(DruidAbstractDataSource.java:1560) ~[druid-1.1.10.jar:1.1.10]
	at com.alibaba.druid.pool.DruidAbstractDataSource.createPhysicalConnection(DruidAbstractDataSource.java:1623) ~[druid-1.1.10.jar:1.1.10]
	at com.alibaba.druid.pool.DruidDataSource$CreateConnectionThread.run(DruidDataSource.java:2468) ~[druid-1.1.10.jar:1.1.10]
Caused by: com.mysql.cj.exceptions.CJCommunicationsException: Communications link failure

The last packet sent successfully to the server was 0 milliseconds ago. The driver has not received any packets from the server.
	at java.base/jdk.internal.reflect.NativeConstructorAccessorImpl.newInstance0(Native Method) ~[na:na]
	at java.base/jdk.internal.reflect.NativeConstructorAccessorImpl.newInstance(NativeConstructorAccessorImpl.java:62) ~[na:na]
	at java.base/jdk.internal.reflect.DelegatingConstructorAccessorImpl.newInstance(DelegatingConstructorAccessorImpl.java:45) ~[na:na]
	at java.base/java.lang.reflect.Constructor.newInstance(Constructor.java:488) ~[na:na]
	at com.mysql.cj.exceptions.ExceptionFactory.createException(ExceptionFactory.java:59) ~[mysql-connector-java-8.0.11.jar:8.0.11]
	at com.mysql.cj.exceptions.ExceptionFactory.createException(ExceptionFactory.java:103) ~[mysql-connector-java-8.0.11.jar:8.0.11]
	at com.mysql.cj.exceptions.ExceptionFactory.createException(ExceptionFactory.java:149) ~[mysql-connector-java-8.0.11.jar:8.0.11]
	at com.mysql.cj.exceptions.ExceptionFactory.createCommunicationsException(ExceptionFactory.java:165) ~[mysql-connector-java-8.0.11.jar:8.0.11]
	at com.mysql.cj.protocol.a.NativeSocketConnection.connect(NativeSocketConnection.java:92) ~[mysql-connector-java-8.0.11.jar:8.0.11]
	at com.mysql.cj.NativeSession.connect(NativeSession.java:152) ~[mysql-connector-java-8.0.11.jar:8.0.11]
	at com.mysql.cj.jdbc.ConnectionImpl.connectOneTryOnly(ConnectionImpl.java:982) ~[mysql-connector-java-8.0.11.jar:8.0.11]
	at com.mysql.cj.jdbc.ConnectionImpl.createNewIO(ConnectionImpl.java:852) ~[mysql-connector-java-8.0.11.jar:8.0.11]
	... 14 common frames omitted
Caused by: java.net.ConnectException: Connection refused: connect
	at java.base/java.net.DualStackPlainSocketImpl.connect0(Native Method) ~[na:na]
	at java.base/java.net.DualStackPlainSocketImpl.socketConnect(DualStackPlainSocketImpl.java:79) ~[na:na]
	at java.base/java.net.AbstractPlainSocketImpl.doConnect(AbstractPlainSocketImpl.java:400) ~[na:na]
	at java.base/java.net.AbstractPlainSocketImpl.connectToAddress(AbstractPlainSocketImpl.java:243) ~[na:na]
	at java.base/java.net.AbstractPlainSocketImpl.connect(AbstractPlainSocketImpl.java:225) ~[na:na]
	at java.base/java.net.PlainSocketImpl.connect(PlainSocketImpl.java:148) ~[na:na]
	at java.base/java.net.SocksSocketImpl.connect(SocksSocketImpl.java:402) ~[na:na]
	at java.base/java.net.Socket.connect(Socket.java:591) ~[na:na]
	at com.mysql.cj.protocol.StandardSocketFactory.connect(StandardSocketFactory.java:173) ~[mysql-connector-java-8.0.11.jar:8.0.11]
	at com.mysql.cj.protocol.a.NativeSocketConnection.connect(NativeSocketConnection.java:66) ~[mysql-connector-java-8.0.11.jar:8.0.11]
	... 17 common frames omitted

2019-03-04 12:01:39.586 ERROR 12808 --- [Druid-ConnectionPool-Create-592124451] com.alibaba.druid.pool.DruidDataSource   : create connection SQLException, url: jdbc:mysql://localhost:3306/msgboard?useSSL=false&createDatabaseIfNotExist=true&useUnicode=true&characterEncoding=UTF-8&serverTimezone=GMT, errorCode 0, state 08S01

com.mysql.cj.jdbc.exceptions.CommunicationsException: Communications link failure

The last packet sent successfully to the server was 0 milliseconds ago. The driver has not received any packets from the server.
	at com.mysql.cj.jdbc.exceptions.SQLError.createCommunicationsException(SQLError.java:172) ~[mysql-connector-java-8.0.11.jar:8.0.11]
	at com.mysql.cj.jdbc.exceptions.SQLExceptionsMapping.translateException(SQLExceptionsMapping.java:64) ~[mysql-connector-java-8.0.11.jar:8.0.11]
	at com.mysql.cj.jdbc.ConnectionImpl.createNewIO(ConnectionImpl.java:862) ~[mysql-connector-java-8.0.11.jar:8.0.11]
	at com.mysql.cj.jdbc.ConnectionImpl.<init>(ConnectionImpl.java:444) ~[mysql-connector-java-8.0.11.jar:8.0.11]
	at com.mysql.cj.jdbc.ConnectionImpl.getInstance(ConnectionImpl.java:230) ~[mysql-connector-java-8.0.11.jar:8.0.11]
	at com.mysql.cj.jdbc.NonRegisteringDriver.connect(NonRegisteringDriver.java:226) ~[mysql-connector-java-8.0.11.jar:8.0.11]
	at com.alibaba.druid.filter.FilterChainImpl.connection_connect(FilterChainImpl.java:156) ~[druid-1.1.10.jar:1.1.10]
	at com.alibaba.druid.filter.FilterAdapter.connection_connect(FilterAdapter.java:786) ~[druid-1.1.10.jar:1.1.10]
	at com.alibaba.druid.filter.FilterEventAdapter.connection_connect(FilterEventAdapter.java:38) ~[druid-1.1.10.jar:1.1.10]
	at com.alibaba.druid.filter.FilterChainImpl.connection_connect(FilterChainImpl.java:150) ~[druid-1.1.10.jar:1.1.10]
	at com.alibaba.druid.filter.FilterAdapter.connection_connect(FilterAdapter.java:786) ~[druid-1.1.10.jar:1.1.10]
	at com.alibaba.druid.filter.FilterChainImpl.connection_connect(FilterChainImpl.java:150) ~[druid-1.1.10.jar:1.1.10]
	at com.alibaba.druid.filter.stat.StatFilter.connection_connect(StatFilter.java:218) ~[druid-1.1.10.jar:1.1.10]
	at com.alibaba.druid.filter.FilterChainImpl.connection_connect(FilterChainImpl.java:150) ~[druid-1.1.10.jar:1.1.10]
	at com.alibaba.druid.pool.DruidAbstractDataSource.createPhysicalConnection(DruidAbstractDataSource.java:1560) ~[druid-1.1.10.jar:1.1.10]
	at com.alibaba.druid.pool.DruidAbstractDataSource.createPhysicalConnection(DruidAbstractDataSource.java:1623) ~[druid-1.1.10.jar:1.1.10]
	at com.alibaba.druid.pool.DruidDataSource$CreateConnectionThread.run(DruidDataSource.java:2468) ~[druid-1.1.10.jar:1.1.10]
Caused by: com.mysql.cj.exceptions.CJCommunicationsException: Communications link failure

The last packet sent successfully to the server was 0 milliseconds ago. The driver has not received any packets from the server.
	at java.base/jdk.internal.reflect.NativeConstructorAccessorImpl.newInstance0(Native Method) ~[na:na]
	at java.base/jdk.internal.reflect.NativeConstructorAccessorImpl.newInstance(NativeConstructorAccessorImpl.java:62) ~[na:na]
	at java.base/jdk.internal.reflect.DelegatingConstructorAccessorImpl.newInstance(DelegatingConstructorAccessorImpl.java:45) ~[na:na]
	at java.base/java.lang.reflect.Constructor.newInstance(Constructor.java:488) ~[na:na]
	at com.mysql.cj.exceptions.ExceptionFactory.createException(ExceptionFactory.java:59) ~[mysql-connector-java-8.0.11.jar:8.0.11]
	at com.mysql.cj.exceptions.ExceptionFactory.createException(ExceptionFactory.java:103) ~[mysql-connector-java-8.0.11.jar:8.0.11]
	at com.mysql.cj.exceptions.ExceptionFactory.createException(ExceptionFactory.java:149) ~[mysql-connector-java-8.0.11.jar:8.0.11]
	at com.mysql.cj.exceptions.ExceptionFactory.createCommunicationsException(ExceptionFactory.java:165) ~[mysql-connector-java-8.0.11.jar:8.0.11]
	at com.mysql.cj.protocol.a.NativeSocketConnection.connect(NativeSocketConnection.java:92) ~[mysql-connector-java-8.0.11.jar:8.0.11]
	at com.mysql.cj.NativeSession.connect(NativeSession.java:152) ~[mysql-connector-java-8.0.11.jar:8.0.11]
	at com.mysql.cj.jdbc.ConnectionImpl.connectOneTryOnly(ConnectionImpl.java:982) ~[mysql-connector-java-8.0.11.jar:8.0.11]
	at com.mysql.cj.jdbc.ConnectionImpl.createNewIO(ConnectionImpl.java:852) ~[mysql-connector-java-8.0.11.jar:8.0.11]
	... 14 common frames omitted
Caused by: java.net.ConnectException: Connection refused: connect
	at java.base/java.net.DualStackPlainSocketImpl.connect0(Native Method) ~[na:na]
	at java.base/java.net.DualStackPlainSocketImpl.socketConnect(DualStackPlainSocketImpl.java:79) ~[na:na]
	at java.base/java.net.AbstractPlainSocketImpl.doConnect(AbstractPlainSocketImpl.java:400) ~[na:na]
	at java.base/java.net.AbstractPlainSocketImpl.connectToAddress(AbstractPlainSocketImpl.java:243) ~[na:na]
	at java.base/java.net.AbstractPlainSocketImpl.connect(AbstractPlainSocketImpl.java:225) ~[na:na]
	at java.base/java.net.PlainSocketImpl.connect(PlainSocketImpl.java:148) ~[na:na]
	at java.base/java.net.SocksSocketImpl.connect(SocksSocketImpl.java:402) ~[na:na]
	at java.base/java.net.Socket.connect(Socket.java:591) ~[na:na]
	at com.mysql.cj.protocol.StandardSocketFactory.connect(StandardSocketFactory.java:173) ~[mysql-connector-java-8.0.11.jar:8.0.11]
	at com.mysql.cj.protocol.a.NativeSocketConnection.connect(NativeSocketConnection.java:66) ~[mysql-connector-java-8.0.11.jar:8.0.11]
	... 17 common frames omitted

2019-03-04 12:01:42.094 ERROR 12808 --- [Druid-ConnectionPool-Create-592124451] com.alibaba.druid.pool.DruidDataSource   : create connection SQLException, url: jdbc:mysql://localhost:3306/msgboard?useSSL=false&createDatabaseIfNotExist=true&useUnicode=true&characterEncoding=UTF-8&serverTimezone=GMT, errorCode 0, state 08S01

com.mysql.cj.jdbc.exceptions.CommunicationsException: Communications link failure

The last packet sent successfully to the server was 0 milliseconds ago. The driver has not received any packets from the server.
	at com.mysql.cj.jdbc.exceptions.SQLError.createCommunicationsException(SQLError.java:172) ~[mysql-connector-java-8.0.11.jar:8.0.11]
	at com.mysql.cj.jdbc.exceptions.SQLExceptionsMapping.translateException(SQLExceptionsMapping.java:64) ~[mysql-connector-java-8.0.11.jar:8.0.11]
	at com.mysql.cj.jdbc.ConnectionImpl.createNewIO(ConnectionImpl.java:862) ~[mysql-connector-java-8.0.11.jar:8.0.11]
	at com.mysql.cj.jdbc.ConnectionImpl.<init>(ConnectionImpl.java:444) ~[mysql-connector-java-8.0.11.jar:8.0.11]
	at com.mysql.cj.jdbc.ConnectionImpl.getInstance(ConnectionImpl.java:230) ~[mysql-connector-java-8.0.11.jar:8.0.11]
	at com.mysql.cj.jdbc.NonRegisteringDriver.connect(NonRegisteringDriver.java:226) ~[mysql-connector-java-8.0.11.jar:8.0.11]
	at com.alibaba.druid.filter.FilterChainImpl.connection_connect(FilterChainImpl.java:156) ~[druid-1.1.10.jar:1.1.10]
	at com.alibaba.druid.filter.FilterAdapter.connection_connect(FilterAdapter.java:786) ~[druid-1.1.10.jar:1.1.10]
	at com.alibaba.druid.filter.FilterEventAdapter.connection_connect(FilterEventAdapter.java:38) ~[druid-1.1.10.jar:1.1.10]
	at com.alibaba.druid.filter.FilterChainImpl.connection_connect(FilterChainImpl.java:150) ~[druid-1.1.10.jar:1.1.10]
	at com.alibaba.druid.filter.FilterAdapter.connection_connect(FilterAdapter.java:786) ~[druid-1.1.10.jar:1.1.10]
	at com.alibaba.druid.filter.FilterChainImpl.connection_connect(FilterChainImpl.java:150) ~[druid-1.1.10.jar:1.1.10]
	at com.alibaba.druid.filter.stat.StatFilter.connection_connect(StatFilter.java:218) ~[druid-1.1.10.jar:1.1.10]
	at com.alibaba.druid.filter.FilterChainImpl.connection_connect(FilterChainImpl.java:150) ~[druid-1.1.10.jar:1.1.10]
	at com.alibaba.druid.pool.DruidAbstractDataSource.createPhysicalConnection(DruidAbstractDataSource.java:1560) ~[druid-1.1.10.jar:1.1.10]
	at com.alibaba.druid.pool.DruidAbstractDataSource.createPhysicalConnection(DruidAbstractDataSource.java:1623) ~[druid-1.1.10.jar:1.1.10]
	at com.alibaba.druid.pool.DruidDataSource$CreateConnectionThread.run(DruidDataSource.java:2468) ~[druid-1.1.10.jar:1.1.10]
Caused by: com.mysql.cj.exceptions.CJCommunicationsException: Communications link failure

The last packet sent successfully to the server was 0 milliseconds ago. The driver has not received any packets from the server.
	at java.base/jdk.internal.reflect.NativeConstructorAccessorImpl.newInstance0(Native Method) ~[na:na]
	at java.base/jdk.internal.reflect.NativeConstructorAccessorImpl.newInstance(NativeConstructorAccessorImpl.java:62) ~[na:na]
	at java.base/jdk.internal.reflect.DelegatingConstructorAccessorImpl.newInstance(DelegatingConstructorAccessorImpl.java:45) ~[na:na]
	at java.base/java.lang.reflect.Constructor.newInstance(Constructor.java:488) ~[na:na]
	at com.mysql.cj.exceptions.ExceptionFactory.createException(ExceptionFactory.java:59) ~[mysql-connector-java-8.0.11.jar:8.0.11]
	at com.mysql.cj.exceptions.ExceptionFactory.createException(ExceptionFactory.java:103) ~[mysql-connector-java-8.0.11.jar:8.0.11]
	at com.mysql.cj.exceptions.ExceptionFactory.createException(ExceptionFactory.java:149) ~[mysql-connector-java-8.0.11.jar:8.0.11]
	at com.mysql.cj.exceptions.ExceptionFactory.createCommunicationsException(ExceptionFactory.java:165) ~[mysql-connector-java-8.0.11.jar:8.0.11]
	at com.mysql.cj.protocol.a.NativeSocketConnection.connect(NativeSocketConnection.java:92) ~[mysql-connector-java-8.0.11.jar:8.0.11]
	at com.mysql.cj.NativeSession.connect(NativeSession.java:152) ~[mysql-connector-java-8.0.11.jar:8.0.11]
	at com.mysql.cj.jdbc.ConnectionImpl.connectOneTryOnly(ConnectionImpl.java:982) ~[mysql-connector-java-8.0.11.jar:8.0.11]
	at com.mysql.cj.jdbc.ConnectionImpl.createNewIO(ConnectionImpl.java:852) ~[mysql-connector-java-8.0.11.jar:8.0.11]
	... 14 common frames omitted
Caused by: java.net.ConnectException: Connection refused: connect
	at java.base/java.net.DualStackPlainSocketImpl.connect0(Native Method) ~[na:na]
	at java.base/java.net.DualStackPlainSocketImpl.socketConnect(DualStackPlainSocketImpl.java:79) ~[na:na]
	at java.base/java.net.AbstractPlainSocketImpl.doConnect(AbstractPlainSocketImpl.java:400) ~[na:na]
	at java.base/java.net.AbstractPlainSocketImpl.connectToAddress(AbstractPlainSocketImpl.java:243) ~[na:na]
	at java.base/java.net.AbstractPlainSocketImpl.connect(AbstractPlainSocketImpl.java:225) ~[na:na]
	at java.base/java.net.PlainSocketImpl.connect(PlainSocketImpl.java:148) ~[na:na]
	at java.base/java.net.SocksSocketImpl.connect(SocksSocketImpl.java:402) ~[na:na]
	at java.base/java.net.Socket.connect(Socket.java:591) ~[na:na]
	at com.mysql.cj.protocol.StandardSocketFactory.connect(StandardSocketFactory.java:173) ~[mysql-connector-java-8.0.11.jar:8.0.11]
	at com.mysql.cj.protocol.a.NativeSocketConnection.connect(NativeSocketConnection.java:66) ~[mysql-connector-java-8.0.11.jar:8.0.11]
	... 17 common frames omitted

2019-03-04 12:01:44.606 ERROR 12808 --- [Druid-ConnectionPool-Create-592124451] com.alibaba.druid.pool.DruidDataSource   : create connection SQLException, url: jdbc:mysql://localhost:3306/msgboard?useSSL=false&createDatabaseIfNotExist=true&useUnicode=true&characterEncoding=UTF-8&serverTimezone=GMT, errorCode 0, state 08S01

com.mysql.cj.jdbc.exceptions.CommunicationsException: Communications link failure

The last packet sent successfully to the server was 0 milliseconds ago. The driver has not received any packets from the server.
	at com.mysql.cj.jdbc.exceptions.SQLError.createCommunicationsException(SQLError.java:172) ~[mysql-connector-java-8.0.11.jar:8.0.11]
	at com.mysql.cj.jdbc.exceptions.SQLExceptionsMapping.translateException(SQLExceptionsMapping.java:64) ~[mysql-connector-java-8.0.11.jar:8.0.11]
	at com.mysql.cj.jdbc.ConnectionImpl.createNewIO(ConnectionImpl.java:862) ~[mysql-connector-java-8.0.11.jar:8.0.11]
	at com.mysql.cj.jdbc.ConnectionImpl.<init>(ConnectionImpl.java:444) ~[mysql-connector-java-8.0.11.jar:8.0.11]
	at com.mysql.cj.jdbc.ConnectionImpl.getInstance(ConnectionImpl.java:230) ~[mysql-connector-java-8.0.11.jar:8.0.11]
	at com.mysql.cj.jdbc.NonRegisteringDriver.connect(NonRegisteringDriver.java:226) ~[mysql-connector-java-8.0.11.jar:8.0.11]
	at com.alibaba.druid.filter.FilterChainImpl.connection_connect(FilterChainImpl.java:156) ~[druid-1.1.10.jar:1.1.10]
	at com.alibaba.druid.filter.FilterAdapter.connection_connect(FilterAdapter.java:786) ~[druid-1.1.10.jar:1.1.10]
	at com.alibaba.druid.filter.FilterEventAdapter.connection_connect(FilterEventAdapter.java:38) ~[druid-1.1.10.jar:1.1.10]
	at com.alibaba.druid.filter.FilterChainImpl.connection_connect(FilterChainImpl.java:150) ~[druid-1.1.10.jar:1.1.10]
	at com.alibaba.druid.filter.FilterAdapter.connection_connect(FilterAdapter.java:786) ~[druid-1.1.10.jar:1.1.10]
	at com.alibaba.druid.filter.FilterChainImpl.connection_connect(FilterChainImpl.java:150) ~[druid-1.1.10.jar:1.1.10]
	at com.alibaba.druid.filter.stat.StatFilter.connection_connect(StatFilter.java:218) ~[druid-1.1.10.jar:1.1.10]
	at com.alibaba.druid.filter.FilterChainImpl.connection_connect(FilterChainImpl.java:150) ~[druid-1.1.10.jar:1.1.10]
	at com.alibaba.druid.pool.DruidAbstractDataSource.createPhysicalConnection(DruidAbstractDataSource.java:1560) ~[druid-1.1.10.jar:1.1.10]
	at com.alibaba.druid.pool.DruidAbstractDataSource.createPhysicalConnection(DruidAbstractDataSource.java:1623) ~[druid-1.1.10.jar:1.1.10]
	at com.alibaba.druid.pool.DruidDataSource$CreateConnectionThread.run(DruidDataSource.java:2468) ~[druid-1.1.10.jar:1.1.10]
Caused by: com.mysql.cj.exceptions.CJCommunicationsException: Communications link failure

The last packet sent successfully to the server was 0 milliseconds ago. The driver has not received any packets from the server.
	at java.base/jdk.internal.reflect.NativeConstructorAccessorImpl.newInstance0(Native Method) ~[na:na]
	at java.base/jdk.internal.reflect.NativeConstructorAccessorImpl.newInstance(NativeConstructorAccessorImpl.java:62) ~[na:na]
	at java.base/jdk.internal.reflect.DelegatingConstructorAccessorImpl.newInstance(DelegatingConstructorAccessorImpl.java:45) ~[na:na]
	at java.base/java.lang.reflect.Constructor.newInstance(Constructor.java:488) ~[na:na]
	at com.mysql.cj.exceptions.ExceptionFactory.createException(ExceptionFactory.java:59) ~[mysql-connector-java-8.0.11.jar:8.0.11]
	at com.mysql.cj.exceptions.ExceptionFactory.createException(ExceptionFactory.java:103) ~[mysql-connector-java-8.0.11.jar:8.0.11]
	at com.mysql.cj.exceptions.ExceptionFactory.createException(ExceptionFactory.java:149) ~[mysql-connector-java-8.0.11.jar:8.0.11]
	at com.mysql.cj.exceptions.ExceptionFactory.createCommunicationsException(ExceptionFactory.java:165) ~[mysql-connector-java-8.0.11.jar:8.0.11]
	at com.mysql.cj.protocol.a.NativeSocketConnection.connect(NativeSocketConnection.java:92) ~[mysql-connector-java-8.0.11.jar:8.0.11]
	at com.mysql.cj.NativeSession.connect(NativeSession.java:152) ~[mysql-connector-java-8.0.11.jar:8.0.11]
	at com.mysql.cj.jdbc.ConnectionImpl.connectOneTryOnly(ConnectionImpl.java:982) ~[mysql-connector-java-8.0.11.jar:8.0.11]
	at com.mysql.cj.jdbc.ConnectionImpl.createNewIO(ConnectionImpl.java:852) ~[mysql-connector-java-8.0.11.jar:8.0.11]
	... 14 common frames omitted
Caused by: java.net.ConnectException: Connection refused: connect
	at java.base/java.net.DualStackPlainSocketImpl.connect0(Native Method) ~[na:na]
	at java.base/java.net.DualStackPlainSocketImpl.socketConnect(DualStackPlainSocketImpl.java:79) ~[na:na]
	at java.base/java.net.AbstractPlainSocketImpl.doConnect(AbstractPlainSocketImpl.java:400) ~[na:na]
	at java.base/java.net.AbstractPlainSocketImpl.connectToAddress(AbstractPlainSocketImpl.java:243) ~[na:na]
	at java.base/java.net.AbstractPlainSocketImpl.connect(AbstractPlainSocketImpl.java:225) ~[na:na]
	at java.base/java.net.PlainSocketImpl.connect(PlainSocketImpl.java:148) ~[na:na]
	at java.base/java.net.SocksSocketImpl.connect(SocksSocketImpl.java:402) ~[na:na]
	at java.base/java.net.Socket.connect(Socket.java:591) ~[na:na]
	at com.mysql.cj.protocol.StandardSocketFactory.connect(StandardSocketFactory.java:173) ~[mysql-connector-java-8.0.11.jar:8.0.11]
	at com.mysql.cj.protocol.a.NativeSocketConnection.connect(NativeSocketConnection.java:66) ~[mysql-connector-java-8.0.11.jar:8.0.11]
	... 17 common frames omitted

2019-03-04 12:01:47.115 ERROR 12808 --- [Druid-ConnectionPool-Create-592124451] com.alibaba.druid.pool.DruidDataSource   : create connection SQLException, url: jdbc:mysql://localhost:3306/msgboard?useSSL=false&createDatabaseIfNotExist=true&useUnicode=true&characterEncoding=UTF-8&serverTimezone=GMT, errorCode 0, state 08S01

com.mysql.cj.jdbc.exceptions.CommunicationsException: Communications link failure

The last packet sent successfully to the server was 0 milliseconds ago. The driver has not received any packets from the server.
	at com.mysql.cj.jdbc.exceptions.SQLError.createCommunicationsException(SQLError.java:172) ~[mysql-connector-java-8.0.11.jar:8.0.11]
	at com.mysql.cj.jdbc.exceptions.SQLExceptionsMapping.translateException(SQLExceptionsMapping.java:64) ~[mysql-connector-java-8.0.11.jar:8.0.11]
	at com.mysql.cj.jdbc.ConnectionImpl.createNewIO(ConnectionImpl.java:862) ~[mysql-connector-java-8.0.11.jar:8.0.11]
	at com.mysql.cj.jdbc.ConnectionImpl.<init>(ConnectionImpl.java:444) ~[mysql-connector-java-8.0.11.jar:8.0.11]
	at com.mysql.cj.jdbc.ConnectionImpl.getInstance(ConnectionImpl.java:230) ~[mysql-connector-java-8.0.11.jar:8.0.11]
	at com.mysql.cj.jdbc.NonRegisteringDriver.connect(NonRegisteringDriver.java:226) ~[mysql-connector-java-8.0.11.jar:8.0.11]
	at com.alibaba.druid.filter.FilterChainImpl.connection_connect(FilterChainImpl.java:156) ~[druid-1.1.10.jar:1.1.10]
	at com.alibaba.druid.filter.FilterAdapter.connection_connect(FilterAdapter.java:786) ~[druid-1.1.10.jar:1.1.10]
	at com.alibaba.druid.filter.FilterEventAdapter.connection_connect(FilterEventAdapter.java:38) ~[druid-1.1.10.jar:1.1.10]
	at com.alibaba.druid.filter.FilterChainImpl.connection_connect(FilterChainImpl.java:150) ~[druid-1.1.10.jar:1.1.10]
	at com.alibaba.druid.filter.FilterAdapter.connection_connect(FilterAdapter.java:786) ~[druid-1.1.10.jar:1.1.10]
	at com.alibaba.druid.filter.FilterChainImpl.connection_connect(FilterChainImpl.java:150) ~[druid-1.1.10.jar:1.1.10]
	at com.alibaba.druid.filter.stat.StatFilter.connection_connect(StatFilter.java:218) ~[druid-1.1.10.jar:1.1.10]
	at com.alibaba.druid.filter.FilterChainImpl.connection_connect(FilterChainImpl.java:150) ~[druid-1.1.10.jar:1.1.10]
	at com.alibaba.druid.pool.DruidAbstractDataSource.createPhysicalConnection(DruidAbstractDataSource.java:1560) ~[druid-1.1.10.jar:1.1.10]
	at com.alibaba.druid.pool.DruidAbstractDataSource.createPhysicalConnection(DruidAbstractDataSource.java:1623) ~[druid-1.1.10.jar:1.1.10]
	at com.alibaba.druid.pool.DruidDataSource$CreateConnectionThread.run(DruidDataSource.java:2468) ~[druid-1.1.10.jar:1.1.10]
Caused by: com.mysql.cj.exceptions.CJCommunicationsException: Communications link failure

The last packet sent successfully to the server was 0 milliseconds ago. The driver has not received any packets from the server.
	at java.base/jdk.internal.reflect.NativeConstructorAccessorImpl.newInstance0(Native Method) ~[na:na]
	at java.base/jdk.internal.reflect.NativeConstructorAccessorImpl.newInstance(NativeConstructorAccessorImpl.java:62) ~[na:na]
	at java.base/jdk.internal.reflect.DelegatingConstructorAccessorImpl.newInstance(DelegatingConstructorAccessorImpl.java:45) ~[na:na]
	at java.base/java.lang.reflect.Constructor.newInstance(Constructor.java:488) ~[na:na]
	at com.mysql.cj.exceptions.ExceptionFactory.createException(ExceptionFactory.java:59) ~[mysql-connector-java-8.0.11.jar:8.0.11]
	at com.mysql.cj.exceptions.ExceptionFactory.createException(ExceptionFactory.java:103) ~[mysql-connector-java-8.0.11.jar:8.0.11]
	at com.mysql.cj.exceptions.ExceptionFactory.createException(ExceptionFactory.java:149) ~[mysql-connector-java-8.0.11.jar:8.0.11]
	at com.mysql.cj.exceptions.ExceptionFactory.createCommunicationsException(ExceptionFactory.java:165) ~[mysql-connector-java-8.0.11.jar:8.0.11]
	at com.mysql.cj.protocol.a.NativeSocketConnection.connect(NativeSocketConnection.java:92) ~[mysql-connector-java-8.0.11.jar:8.0.11]
	at com.mysql.cj.NativeSession.connect(NativeSession.java:152) ~[mysql-connector-java-8.0.11.jar:8.0.11]
	at com.mysql.cj.jdbc.ConnectionImpl.connectOneTryOnly(ConnectionImpl.java:982) ~[mysql-connector-java-8.0.11.jar:8.0.11]
	at com.mysql.cj.jdbc.ConnectionImpl.createNewIO(ConnectionImpl.java:852) ~[mysql-connector-java-8.0.11.jar:8.0.11]
	... 14 common frames omitted
Caused by: java.net.ConnectException: Connection refused: connect
	at java.base/java.net.DualStackPlainSocketImpl.connect0(Native Method) ~[na:na]
	at java.base/java.net.DualStackPlainSocketImpl.socketConnect(DualStackPlainSocketImpl.java:79) ~[na:na]
	at java.base/java.net.AbstractPlainSocketImpl.doConnect(AbstractPlainSocketImpl.java:400) ~[na:na]
	at java.base/java.net.AbstractPlainSocketImpl.connectToAddress(AbstractPlainSocketImpl.java:243) ~[na:na]
	at java.base/java.net.AbstractPlainSocketImpl.connect(AbstractPlainSocketImpl.java:225) ~[na:na]
	at java.base/java.net.PlainSocketImpl.connect(PlainSocketImpl.java:148) ~[na:na]
	at java.base/java.net.SocksSocketImpl.connect(SocksSocketImpl.java:402) ~[na:na]
	at java.base/java.net.Socket.connect(Socket.java:591) ~[na:na]
	at com.mysql.cj.protocol.StandardSocketFactory.connect(StandardSocketFactory.java:173) ~[mysql-connector-java-8.0.11.jar:8.0.11]
	at com.mysql.cj.protocol.a.NativeSocketConnection.connect(NativeSocketConnection.java:66) ~[mysql-connector-java-8.0.11.jar:8.0.11]
	... 17 common frames omitted

2019-03-04 12:01:57.355  INFO 12808 --- [http-nio-8000-exec-3] cn.cs.Board.Controller.UserController    : {"password":"123","loginName":"lyuyu"}is logining
2019-03-04 12:01:57.403 DEBUG 12808 --- [http-nio-8000-exec-3] c.c.B.d.m.UserMapper.selectByExample     : ==>  Preparing: select id, login_name, username, password, description, profile_pic from mb_user WHERE ( login_name = ? and password = ? ) 
2019-03-04 12:01:57.514 DEBUG 12808 --- [http-nio-8000-exec-3] c.c.B.d.m.UserMapper.selectByExample     : ==> Parameters: lyuyu(String), MTIz(String)
2019-03-04 12:01:57.574 DEBUG 12808 --- [http-nio-8000-exec-3] c.c.B.d.m.UserMapper.selectByExample     : <==      Total: 1
2019-03-04 12:01:57.575  INFO 12808 --- [http-nio-8000-exec-3] cn.cs.Board.service.UserService          : 查到符合条件的users 1
2019-03-04 12:01:58.097  WARN 12808 --- [http-nio-8000-exec-3] o.a.c.util.SessionIdGeneratorBase        : Creation of SecureRandom instance for session ID generation using [SHA1PRNG] took [517] milliseconds.
2019-03-04 12:01:58.100  INFO 12808 --- [http-nio-8000-exec-3] cn.cs.Board.Controller.UserController    : session创建完成 : org.apache.catalina.session.StandardSessionFacade@152d0ca6
2019-03-04 12:01:58.100  INFO 12808 --- [http-nio-8000-exec-3] cn.cs.Board.Controller.UserController    : login success
2019-03-04 12:02:08.787  INFO 12808 --- [http-nio-8000-exec-5] cn.cs.Board.Controller.UserController    : new info of user is cn.cs.Board.dao.model.User@6e33074f
2019-03-04 12:02:08.789  INFO 12808 --- [http-nio-8000-exec-5] cn.cs.Board.service.UserService          : to be written into DB iscn.cs.Board.dao.model.User@3c66007c
2019-03-04 12:02:08.796 DEBUG 12808 --- [http-nio-8000-exec-5] c.c.B.d.m.U.updateByExampleSelective     : ==>  Preparing: update mb_user SET username = ? WHERE ( id = ? ) 
2019-03-04 12:02:08.805 DEBUG 12808 --- [http-nio-8000-exec-5] c.c.B.d.m.U.updateByExampleSelective     : ==> Parameters: hoo(String), 14(Long)
2019-03-04 12:02:08.808 DEBUG 12808 --- [http-nio-8000-exec-5] c.c.B.d.m.U.updateByExampleSelective     : <==    Updates: 1
2019-03-04 12:02:08.847  INFO 12808 --- [http-nio-8000-exec-5] cn.cs.Board.Controller.UserController    : update success
2019-03-04 12:02:18.809  INFO 12808 --- [RMI TCP Connection(10)-127.0.0.1] inMXBeanRegistrar$SpringApplicationAdmin : Application shutdown requested.
2019-03-04 12:02:18.814  INFO 12808 --- [RMI TCP Connection(10)-127.0.0.1] o.s.s.concurrent.ThreadPoolTaskExecutor  : Shutting down ExecutorService 'applicationTaskExecutor'
2019-03-04 12:02:18.817  INFO 12808 --- [RMI TCP Connection(10)-127.0.0.1] com.alibaba.druid.pool.DruidDataSource   : {dataSource-1} closed
