2019-03-01 10:33:06.138  INFO 15212 --- [restartedMain] cn.cs.Board.DemoApplication              : Starting DemoApplication on DESKTOP-MHKMK4C with PID 15212 (started by al89 in E:\工作\Board)
2019-03-01 10:33:06.184 DEBUG 15212 --- [restartedMain] cn.cs.Board.DemoApplication              : Running with Spring Boot v2.1.3.RELEASE, Spring v5.1.5.RELEASE
2019-03-01 10:33:06.185  INFO 15212 --- [restartedMain] cn.cs.Board.DemoApplication              : No active profile set, falling back to default profiles: default
2019-03-01 10:33:06.537  INFO 15212 --- [restartedMain] .e.DevToolsPropertyDefaultsPostProcessor : Devtools property defaults active! Set 'spring.devtools.add-properties' to 'false' to disable
2019-03-01 10:33:06.538  INFO 15212 --- [restartedMain] .e.DevToolsPropertyDefaultsPostProcessor : For additional web related logging consider setting the 'logging.level.web' property to 'DEBUG'
2019-03-01 10:33:08.278  WARN 15212 --- [restartedMain] o.m.s.mapper.ClassPathMapperScanner      : No MyBatis mapper was found in '[cn.cs.Board]' package. Please check your configuration.
2019-03-01 10:33:08.406  INFO 15212 --- [restartedMain] o.s.c.a.ConfigurationClassPostProcessor  : Cannot enhance @Configuration bean definition 'myBatisMapperScannerConfig' since its singleton instance has been created too early. The typical cause is a non-static @Bean method with a BeanDefinitionRegistryPostProcessor return type: Consider declaring such methods as 'static'.
2019-03-01 10:33:10.171  INFO 15212 --- [restartedMain] o.s.b.w.embedded.tomcat.TomcatWebServer  : Tomcat initialized with port(s): 8000 (http)
2019-03-01 10:33:10.243  INFO 15212 --- [restartedMain] o.apache.catalina.core.StandardService   : Starting service [Tomcat]
2019-03-01 10:33:10.245  INFO 15212 --- [restartedMain] org.apache.catalina.core.StandardEngine  : Starting Servlet engine: [Apache Tomcat/9.0.16]
2019-03-01 10:33:10.260  INFO 15212 --- [restartedMain] o.a.catalina.core.AprLifecycleListener   : The APR based Apache Tomcat Native library which allows optimal performance in production environments was not found on the java.library.path: [D:\JAVA\jdk-10.0.1\bin;C:\Windows\Sun\Java\bin;C:\Windows\system32;C:\Windows;D:/JAVA/jdk-10.0.1/bin/server;D:/JAVA/jdk-10.0.1/bin;D:\apache-maven-3.6.0\bin;D:\mysql5.7\mysql-5.7.23-winx64\bin;C:\Windows\system32;C:\Windows;C:\Windows\System32\Wbem;C:\Windows\System32\WindowsPowerShell\v1.0\;C:\Windows\System32\OpenSSH\;D:\JAVA\jdk-10.0.1\bin;D:\JAVA\jdk-10.0.1\jre\bin;C:\Program Files\Git\cmd;D:\nodejs\;D:\Ruby25-x64\bin;C:\Users\al89\AppData\Local\Microsoft\WindowsApps;;D:\Docker Toolbox;D:\Microsoft VS Code\bin;C:\Users\al89\AppData\Roaming\npm;D:\texlive2018\2018\bin\win32;D:\sts-4.0.1.RELEASE;;.]
2019-03-01 10:33:10.476  INFO 15212 --- [restartedMain] o.a.c.c.C.[Tomcat].[localhost].[/board]  : Initializing Spring embedded WebApplicationContext
2019-03-01 10:33:10.477  INFO 15212 --- [restartedMain] o.s.web.context.ContextLoader            : Root WebApplicationContext: initialization completed in 3937 ms
2019-03-01 10:33:10.611 DEBUG 15212 --- [restartedMain] org.apache.ibatis.logging.LogFactory     : Logging initialized using 'class org.apache.ibatis.logging.slf4j.Slf4jImpl' adapter.
2019-03-01 10:33:11.563  INFO 15212 --- [restartedMain] o.s.s.concurrent.ThreadPoolTaskExecutor  : Initializing ExecutorService 'applicationTaskExecutor'
2019-03-01 10:33:11.884  INFO 15212 --- [restartedMain] o.s.b.d.a.OptionalLiveReloadServer       : LiveReload server is running on port 35729
2019-03-01 10:33:12.077  INFO 15212 --- [restartedMain] o.s.b.w.embedded.tomcat.TomcatWebServer  : Tomcat started on port(s): 8000 (http) with context path '/board'
2019-03-01 10:33:12.091  INFO 15212 --- [restartedMain] cn.cs.Board.DemoApplication              : Started DemoApplication in 6.856 seconds (JVM running for 10.322)
2019-03-01 10:35:56.756  INFO 15212 --- [http-nio-8000-exec-1] o.a.c.c.C.[Tomcat].[localhost].[/board]  : Initializing Spring DispatcherServlet 'dispatcherServlet'
2019-03-01 10:35:56.758  INFO 15212 --- [http-nio-8000-exec-1] o.s.web.servlet.DispatcherServlet        : Initializing Servlet 'dispatcherServlet'
2019-03-01 10:35:56.781  INFO 15212 --- [http-nio-8000-exec-1] o.s.web.servlet.DispatcherServlet        : Completed initialization in 23 ms
2019-03-01 10:35:57.108  INFO 15212 --- [http-nio-8000-exec-3] com.alibaba.druid.pool.DruidDataSource   : {dataSource-1} inited
2019-03-01 10:35:57.212 DEBUG 15212 --- [http-nio-8000-exec-2] c.c.B.d.m.UserMapper.selectByExample     : ==>  Preparing: select id, login_name, username, password, description, profile_pic from mb_user WHERE ( login_name = ? ) 
2019-03-01 10:35:57.212 DEBUG 15212 --- [http-nio-8000-exec-1] c.c.B.d.m.UserMapper.selectByExample     : ==>  Preparing: select id, login_name, username, password, description, profile_pic from mb_user WHERE ( login_name = ? ) 
2019-03-01 10:35:57.212 DEBUG 15212 --- [http-nio-8000-exec-3] c.c.B.d.m.UserMapper.selectByExample     : ==>  Preparing: select id, login_name, username, password, description, profile_pic from mb_user WHERE ( login_name = ? ) 
2019-03-01 10:35:57.359 DEBUG 15212 --- [http-nio-8000-exec-1] c.c.B.d.m.UserMapper.selectByExample     : ==> Parameters: 1(String)
2019-03-01 10:35:57.359 DEBUG 15212 --- [http-nio-8000-exec-2] c.c.B.d.m.UserMapper.selectByExample     : ==> Parameters: 12(String)
2019-03-01 10:35:57.359 DEBUG 15212 --- [http-nio-8000-exec-3] c.c.B.d.m.UserMapper.selectByExample     : ==> Parameters: 123(String)
2019-03-01 10:35:57.391 DEBUG 15212 --- [http-nio-8000-exec-3] c.c.B.d.m.UserMapper.selectByExample     : <==      Total: 0
2019-03-01 10:35:57.391 DEBUG 15212 --- [http-nio-8000-exec-2] c.c.B.d.m.UserMapper.selectByExample     : <==      Total: 0
2019-03-01 10:35:57.395 DEBUG 15212 --- [http-nio-8000-exec-1] c.c.B.d.m.UserMapper.selectByExample     : <==      Total: 1
2019-03-01 10:35:57.416  INFO 15212 --- [http-nio-8000-exec-2] cn.cs.Board.service.UserService          : 查到的同样的用户名有 0
2019-03-01 10:35:57.416  INFO 15212 --- [http-nio-8000-exec-1] cn.cs.Board.service.UserService          : 查到的同样的用户名有 1
2019-03-01 10:35:57.416  INFO 15212 --- [http-nio-8000-exec-3] cn.cs.Board.service.UserService          : 查到的同样的用户名有 0
2019-03-01 10:35:57.441  INFO 15212 --- [http-nio-8000-exec-2] cn.cs.Board.Controller.UserController    : username okey
2019-03-01 10:35:57.441  INFO 15212 --- [http-nio-8000-exec-1] cn.cs.Board.Controller.UserController    : username repeat. error
2019-03-01 10:35:57.441  INFO 15212 --- [http-nio-8000-exec-3] cn.cs.Board.Controller.UserController    : username okey
2019-03-01 10:35:57.893 DEBUG 15212 --- [http-nio-8000-exec-4] c.c.B.d.m.UserMapper.selectByExample     : ==>  Preparing: select id, login_name, username, password, description, profile_pic from mb_user WHERE ( login_name = ? ) 
2019-03-01 10:35:57.895 DEBUG 15212 --- [http-nio-8000-exec-4] c.c.B.d.m.UserMapper.selectByExample     : ==> Parameters: 1234(String)
2019-03-01 10:35:57.899 DEBUG 15212 --- [http-nio-8000-exec-4] c.c.B.d.m.UserMapper.selectByExample     : <==      Total: 0
2019-03-01 10:35:57.901  INFO 15212 --- [http-nio-8000-exec-4] cn.cs.Board.service.UserService          : 查到的同样的用户名有 0
2019-03-01 10:35:57.905  INFO 15212 --- [http-nio-8000-exec-4] cn.cs.Board.Controller.UserController    : username okey
2019-03-01 10:36:03.102 DEBUG 15212 --- [http-nio-8000-exec-6] c.c.B.d.m.UserMapper.selectByExample     : ==>  Preparing: select id, login_name, username, password, description, profile_pic from mb_user WHERE ( login_name = ? ) 
2019-03-01 10:36:03.103 DEBUG 15212 --- [http-nio-8000-exec-6] c.c.B.d.m.UserMapper.selectByExample     : ==> Parameters: 12345(String)
2019-03-01 10:36:03.112 DEBUG 15212 --- [http-nio-8000-exec-6] c.c.B.d.m.UserMapper.selectByExample     : <==      Total: 2
2019-03-01 10:36:03.114  INFO 15212 --- [http-nio-8000-exec-6] cn.cs.Board.service.UserService          : 查到的同样的用户名有 2
2019-03-01 10:36:03.118  INFO 15212 --- [http-nio-8000-exec-6] cn.cs.Board.Controller.UserController    : username repeat. error
2019-03-01 10:36:08.013 DEBUG 15212 --- [http-nio-8000-exec-5] c.c.B.d.m.UserMapper.selectByExample     : ==>  Preparing: select id, login_name, username, password, description, profile_pic from mb_user WHERE ( login_name = ? ) 
2019-03-01 10:36:08.015 DEBUG 15212 --- [http-nio-8000-exec-5] c.c.B.d.m.UserMapper.selectByExample     : ==> Parameters: 123451(String)
2019-03-01 10:36:08.050 DEBUG 15212 --- [http-nio-8000-exec-5] c.c.B.d.m.UserMapper.selectByExample     : <==      Total: 0
2019-03-01 10:36:08.052  INFO 15212 --- [http-nio-8000-exec-5] cn.cs.Board.service.UserService          : 查到的同样的用户名有 0
2019-03-01 10:36:08.056  INFO 15212 --- [http-nio-8000-exec-5] cn.cs.Board.Controller.UserController    : username okey
2019-03-01 10:36:41.182  INFO 15212 --- [http-nio-8000-exec-9] cn.cs.Board.Controller.UserController    : {"password":"00000","loginName":"123451","username":"123"}is registering
2019-03-01 10:36:41.188 DEBUG 15212 --- [http-nio-8000-exec-9] c.c.B.d.m.UserMapper.selectByExample     : ==>  Preparing: select id, login_name, username, password, description, profile_pic from mb_user WHERE ( login_name = ? ) 
2019-03-01 10:36:41.189 DEBUG 15212 --- [http-nio-8000-exec-9] c.c.B.d.m.UserMapper.selectByExample     : ==> Parameters: 123451(String)
2019-03-01 10:36:41.193 DEBUG 15212 --- [http-nio-8000-exec-9] c.c.B.d.m.UserMapper.selectByExample     : <==      Total: 0
2019-03-01 10:36:41.195  INFO 15212 --- [http-nio-8000-exec-9] cn.cs.Board.service.UserService          : 查到的同样的用户名有 0
2019-03-01 10:36:41.204 DEBUG 15212 --- [http-nio-8000-exec-9] c.c.B.d.m.UserMapper.insertSelective     : ==>  Preparing: insert into mb_user ( login_name, username, password ) values ( ?, ?, ? ) 
2019-03-01 10:36:41.273 DEBUG 15212 --- [http-nio-8000-exec-9] c.c.B.d.m.UserMapper.insertSelective     : ==> Parameters: 123451(String), 123(String), MDAwMDA=(String)
2019-03-01 10:36:41.276 DEBUG 15212 --- [http-nio-8000-exec-9] c.c.B.d.m.UserMapper.insertSelective     : <==    Updates: 1
2019-03-01 10:36:41.325  INFO 15212 --- [http-nio-8000-exec-9] cn.cs.Board.Controller.UserController    : registration success
2019-03-01 10:37:50.304  WARN 15212 --- [http-nio-8000-exec-1] o.a.c.util.SessionIdGeneratorBase        : Creation of SecureRandom instance for session ID generation using [SHA1PRNG] took [483] milliseconds.
2019-03-01 10:37:50.307  INFO 15212 --- [http-nio-8000-exec-1] cn.cs.Board.Controller.UserController    : can't get the user msg in session or update is not the registration one 
2019-03-01 10:48:29.344  INFO 15212 --- [Thread-5] o.s.s.concurrent.ThreadPoolTaskExecutor  : Shutting down ExecutorService 'applicationTaskExecutor'
2019-03-01 10:48:29.355  INFO 15212 --- [Thread-5] com.alibaba.druid.pool.DruidDataSource   : {dataSource-1} closed
2019-03-01 10:48:30.164  INFO 15212 --- [restartedMain] cn.cs.Board.DemoApplication              : Starting DemoApplication on DESKTOP-MHKMK4C with PID 15212 (started by al89 in E:\工作\Board)
2019-03-01 10:48:30.165 DEBUG 15212 --- [restartedMain] cn.cs.Board.DemoApplication              : Running with Spring Boot v2.1.3.RELEASE, Spring v5.1.5.RELEASE
2019-03-01 10:48:30.165  INFO 15212 --- [restartedMain] cn.cs.Board.DemoApplication              : No active profile set, falling back to default profiles: default
2019-03-01 10:48:30.635  WARN 15212 --- [restartedMain] o.m.s.mapper.ClassPathMapperScanner      : No MyBatis mapper was found in '[cn.cs.Board]' package. Please check your configuration.
2019-03-01 10:48:30.691  INFO 15212 --- [restartedMain] o.s.c.a.ConfigurationClassPostProcessor  : Cannot enhance @Configuration bean definition 'myBatisMapperScannerConfig' since its singleton instance has been created too early. The typical cause is a non-static @Bean method with a BeanDefinitionRegistryPostProcessor return type: Consider declaring such methods as 'static'.
2019-03-01 10:48:30.872  INFO 15212 --- [restartedMain] o.s.b.w.embedded.tomcat.TomcatWebServer  : Tomcat initialized with port(s): 8000 (http)
2019-03-01 10:48:30.874  INFO 15212 --- [restartedMain] o.apache.catalina.core.StandardService   : Starting service [Tomcat]
2019-03-01 10:48:30.875  INFO 15212 --- [restartedMain] org.apache.catalina.core.StandardEngine  : Starting Servlet engine: [Apache Tomcat/9.0.16]
2019-03-01 10:48:30.933  INFO 15212 --- [restartedMain] o.a.c.c.C.[Tomcat].[localhost].[/board]  : Initializing Spring embedded WebApplicationContext
2019-03-01 10:48:30.935  INFO 15212 --- [restartedMain] o.s.web.context.ContextLoader            : Root WebApplicationContext: initialization completed in 763 ms
2019-03-01 10:48:31.325  INFO 15212 --- [restartedMain] o.s.s.concurrent.ThreadPoolTaskExecutor  : Initializing ExecutorService 'applicationTaskExecutor'
2019-03-01 10:48:31.433  INFO 15212 --- [restartedMain] o.s.b.d.a.OptionalLiveReloadServer       : LiveReload server is running on port 35729
2019-03-01 10:48:31.462  INFO 15212 --- [restartedMain] o.s.b.w.embedded.tomcat.TomcatWebServer  : Tomcat started on port(s): 8000 (http) with context path '/board'
2019-03-01 10:48:31.469  INFO 15212 --- [restartedMain] cn.cs.Board.DemoApplication              : Started DemoApplication in 1.395 seconds (JVM running for 929.701)
2019-03-01 10:48:31.475  INFO 15212 --- [restartedMain] .ConditionEvaluationDeltaLoggingListener : Condition evaluation unchanged
2019-03-01 12:09:25.630  INFO 15212 --- [http-nio-8000-exec-2] o.a.c.c.C.[Tomcat].[localhost].[/board]  : Initializing Spring DispatcherServlet 'dispatcherServlet'
2019-03-01 12:09:25.631  INFO 15212 --- [http-nio-8000-exec-2] o.s.web.servlet.DispatcherServlet        : Initializing Servlet 'dispatcherServlet'
2019-03-01 12:09:25.635  INFO 15212 --- [http-nio-8000-exec-2] o.s.web.servlet.DispatcherServlet        : Completed initialization in 4 ms
2019-03-01 12:09:25.640  INFO 15212 --- [http-nio-8000-exec-2] cn.cs.Board.Controller.UserController    : {"password":"123","loginName":"lyuyu","username":"jiu"}is registering
2019-03-01 12:09:25.678  INFO 15212 --- [http-nio-8000-exec-2] com.alibaba.druid.pool.DruidDataSource   : {dataSource-2} inited
2019-03-01 12:09:25.690 DEBUG 15212 --- [http-nio-8000-exec-2] c.c.B.d.m.UserMapper.selectByExample     : ==>  Preparing: select id, login_name, username, password, description, profile_pic from mb_user WHERE ( login_name = ? ) 
2019-03-01 12:09:25.693 DEBUG 15212 --- [http-nio-8000-exec-2] c.c.B.d.m.UserMapper.selectByExample     : ==> Parameters: lyuyu(String)
2019-03-01 12:09:25.695 DEBUG 15212 --- [http-nio-8000-exec-2] c.c.B.d.m.UserMapper.selectByExample     : <==      Total: 0
2019-03-01 12:09:25.696  INFO 15212 --- [http-nio-8000-exec-2] cn.cs.Board.service.UserService          : 查到的同样的用户名有 0
2019-03-01 12:09:25.699 DEBUG 15212 --- [http-nio-8000-exec-2] c.c.B.d.m.UserMapper.insertSelective     : ==>  Preparing: insert into mb_user ( login_name, username, password ) values ( ?, ?, ? ) 
2019-03-01 12:09:25.700 DEBUG 15212 --- [http-nio-8000-exec-2] c.c.B.d.m.UserMapper.insertSelective     : ==> Parameters: lyuyu(String), jiu(String), MTIz(String)
2019-03-01 12:09:25.701 DEBUG 15212 --- [http-nio-8000-exec-2] c.c.B.d.m.UserMapper.insertSelective     : <==    Updates: 1
2019-03-01 12:09:25.743  INFO 15212 --- [http-nio-8000-exec-2] cn.cs.Board.Controller.UserController    : registration success
2019-03-01 12:09:56.493  INFO 15212 --- [http-nio-8000-exec-3] cn.cs.Board.Controller.UserController    : {"password":"123","loginName":"lyuyu"}is logining
2019-03-01 12:09:56.497 DEBUG 15212 --- [http-nio-8000-exec-3] c.c.B.d.m.UserMapper.selectByExample     : ==>  Preparing: select id, login_name, username, password, description, profile_pic from mb_user WHERE ( login_name = ? and password = ? ) 
2019-03-01 12:09:56.499 DEBUG 15212 --- [http-nio-8000-exec-3] c.c.B.d.m.UserMapper.selectByExample     : ==> Parameters: lyuyu(String), MTIz(String)
2019-03-01 12:09:56.502 DEBUG 15212 --- [http-nio-8000-exec-3] c.c.B.d.m.UserMapper.selectByExample     : <==      Total: 1
2019-03-01 12:09:56.504  INFO 15212 --- [http-nio-8000-exec-3] cn.cs.Board.service.UserService          : 查到符合条件的users 1
2019-03-01 12:09:56.512  INFO 15212 --- [http-nio-8000-exec-3] cn.cs.Board.Controller.UserController    : session创建完成 : org.apache.catalina.session.StandardSessionFacade@47fcec06
2019-03-01 12:09:56.512  INFO 15212 --- [http-nio-8000-exec-3] cn.cs.Board.Controller.UserController    : login success
2019-03-01 12:10:36.456  INFO 15212 --- [http-nio-8000-exec-4] cn.cs.Board.Controller.UserController    : new info of user is cn.cs.Board.dao.model.User@6659ace
2019-03-01 12:10:36.457  INFO 15212 --- [http-nio-8000-exec-4] cn.cs.Board.service.UserService          : to be written into DB iscn.cs.Board.dao.model.User@3475ff63
2019-03-01 12:10:36.461 DEBUG 15212 --- [http-nio-8000-exec-4] c.c.B.d.m.U.updateByExampleSelective     : ==>  Preparing: update mb_user SET username = ? WHERE ( id = ? ) 
2019-03-01 12:10:36.547 DEBUG 15212 --- [http-nio-8000-exec-4] c.c.B.d.m.U.updateByExampleSelective     : ==> Parameters: hoo(String), 14(Long)
2019-03-01 12:10:36.548 DEBUG 15212 --- [http-nio-8000-exec-4] c.c.B.d.m.U.updateByExampleSelective     : <==    Updates: 1
2019-03-01 12:10:36.578  INFO 15212 --- [http-nio-8000-exec-4] cn.cs.Board.Controller.UserController    : update success
2019-03-01 12:10:51.653  INFO 15212 --- [http-nio-8000-exec-5] cn.cs.Board.Controller.MsgController     : show the page NO.1
2019-03-01 12:10:51.704 DEBUG 15212 --- [http-nio-8000-exec-5] c.c.B.d.m.M.selectByExample_COUNT        : ==>  Preparing: SELECT count(0) FROM mb_msg JOIN mb_user ON mb_user.id = mb_msg.userid 
2019-03-01 12:10:51.741 DEBUG 15212 --- [http-nio-8000-exec-5] c.c.B.d.m.M.selectByExample_COUNT        : ==> Parameters: 
2019-03-01 12:10:51.745 DEBUG 15212 --- [http-nio-8000-exec-5] c.c.B.d.m.M.selectByExample_COUNT        : <==      Total: 1
2019-03-01 12:10:51.747 DEBUG 15212 --- [http-nio-8000-exec-5] c.c.B.d.m.MsgMapper.selectByExample      : ==>  Preparing: select mb_user.username, mb_user.profile_pic, mb_msg.id, content, date, mb_msg.pic, userid from mb_msg join mb_user on mb_user.id=mb_msg.userid order by date desc LIMIT ? 
2019-03-01 12:10:51.751 DEBUG 15212 --- [http-nio-8000-exec-5] c.c.B.d.m.MsgMapper.selectByExample      : ==> Parameters: 12(Integer)
2019-03-01 12:10:51.758 DEBUG 15212 --- [http-nio-8000-exec-5] c.c.B.d.m.MsgMapper.selectByExample      : <==      Total: 12
2019-03-01 12:11:16.832  INFO 15212 --- [http-nio-8000-exec-6] cn.cs.Board.Controller.MsgController     : show the page NO.2
2019-03-01 12:11:16.835 DEBUG 15212 --- [http-nio-8000-exec-6] c.c.B.d.m.M.selectByExample_COUNT        : ==>  Preparing: SELECT count(0) FROM mb_msg JOIN mb_user ON mb_user.id = mb_msg.userid 
2019-03-01 12:11:16.836 DEBUG 15212 --- [http-nio-8000-exec-6] c.c.B.d.m.M.selectByExample_COUNT        : ==> Parameters: 
2019-03-01 12:11:16.837 DEBUG 15212 --- [http-nio-8000-exec-6] c.c.B.d.m.M.selectByExample_COUNT        : <==      Total: 1
2019-03-01 12:11:16.838 DEBUG 15212 --- [http-nio-8000-exec-6] c.c.B.d.m.MsgMapper.selectByExample      : ==>  Preparing: select mb_user.username, mb_user.profile_pic, mb_msg.id, content, date, mb_msg.pic, userid from mb_msg join mb_user on mb_user.id=mb_msg.userid order by date desc LIMIT ?, ? 
2019-03-01 12:11:16.841 DEBUG 15212 --- [http-nio-8000-exec-6] c.c.B.d.m.MsgMapper.selectByExample      : ==> Parameters: 12(Integer), 12(Integer)
2019-03-01 12:11:16.847 DEBUG 15212 --- [http-nio-8000-exec-6] c.c.B.d.m.MsgMapper.selectByExample      : <==      Total: 4
2019-03-01 12:11:39.415  INFO 15212 --- [http-nio-8000-exec-7] cn.cs.Board.Controller.MsgController     : about to add new msg... 
2019-03-01 12:11:39.415  INFO 15212 --- [http-nio-8000-exec-7] cn.cs.Board.Controller.MsgController     : Fri Mar 01 12:11:39 CST 2019
2019-03-01 12:11:39.418 DEBUG 15212 --- [http-nio-8000-exec-7] c.c.B.d.m.MsgMapper.insertSelective      : ==>  Preparing: insert into mb_msg ( userid, content, date, pic ) values ( ?, ?, ?, ? ) 
2019-03-01 12:11:39.422 DEBUG 15212 --- [http-nio-8000-exec-7] c.c.B.d.m.MsgMapper.insertSelective      : ==> Parameters: 14(Long), as the city burns.oh!!(String), 2019-03-01 12:11:39.415(Timestamp), ce552229cccb472cb3e6004203c2f780.jpg(String)
2019-03-01 12:11:39.424 DEBUG 15212 --- [http-nio-8000-exec-7] c.c.B.d.m.MsgMapper.insertSelective      : <==    Updates: 1
2019-03-01 12:11:39.424  INFO 15212 --- [http-nio-8000-exec-7] cn.cs.Board.service.MsgService           : msg insert sql result : 1
2019-03-01 12:11:39.487  INFO 15212 --- [http-nio-8000-exec-7] cn.cs.Board.Controller.MsgController     : add new msg success
2019-03-01 12:12:02.659  INFO 15212 --- [http-nio-8000-exec-8] cn.cs.Board.Controller.MsgController     : show the page NO.1
2019-03-01 12:12:02.663 DEBUG 15212 --- [http-nio-8000-exec-8] c.c.B.d.m.M.selectByExample_COUNT        : ==>  Preparing: SELECT count(0) FROM mb_msg JOIN mb_user ON mb_user.id = mb_msg.userid 
2019-03-01 12:12:02.663 DEBUG 15212 --- [http-nio-8000-exec-8] c.c.B.d.m.M.selectByExample_COUNT        : ==> Parameters: 
2019-03-01 12:12:02.666 DEBUG 15212 --- [http-nio-8000-exec-8] c.c.B.d.m.M.selectByExample_COUNT        : <==      Total: 1
2019-03-01 12:12:02.668 DEBUG 15212 --- [http-nio-8000-exec-8] c.c.B.d.m.MsgMapper.selectByExample      : ==>  Preparing: select mb_user.username, mb_user.profile_pic, mb_msg.id, content, date, mb_msg.pic, userid from mb_msg join mb_user on mb_user.id=mb_msg.userid order by date desc LIMIT ? 
2019-03-01 12:12:02.668 DEBUG 15212 --- [http-nio-8000-exec-8] c.c.B.d.m.MsgMapper.selectByExample      : ==> Parameters: 12(Integer)
2019-03-01 12:12:02.675 DEBUG 15212 --- [http-nio-8000-exec-8] c.c.B.d.m.MsgMapper.selectByExample      : <==      Total: 12
2019-03-01 12:13:01.075  INFO 15212 --- [RMI TCP Connection(49)-127.0.0.1] inMXBeanRegistrar$SpringApplicationAdmin : Application shutdown requested.
2019-03-01 12:13:01.077  INFO 15212 --- [RMI TCP Connection(49)-127.0.0.1] o.s.s.concurrent.ThreadPoolTaskExecutor  : Shutting down ExecutorService 'applicationTaskExecutor'
2019-03-01 12:13:01.080  INFO 15212 --- [RMI TCP Connection(49)-127.0.0.1] com.alibaba.druid.pool.DruidDataSource   : {dataSource-2} closed
2019-03-01 12:19:30.864  INFO 17140 --- [restartedMain] cn.cs.Board.DemoApplication              : Starting DemoApplication on DESKTOP-MHKMK4C with PID 17140 (started by al89 in E:\工作\Board)
2019-03-01 12:19:30.866 DEBUG 17140 --- [restartedMain] cn.cs.Board.DemoApplication              : Running with Spring Boot v2.1.3.RELEASE, Spring v5.1.5.RELEASE
2019-03-01 12:19:30.867  INFO 17140 --- [restartedMain] cn.cs.Board.DemoApplication              : No active profile set, falling back to default profiles: default
2019-03-01 12:19:30.915  INFO 17140 --- [restartedMain] .e.DevToolsPropertyDefaultsPostProcessor : Devtools property defaults active! Set 'spring.devtools.add-properties' to 'false' to disable
2019-03-01 12:19:30.916  INFO 17140 --- [restartedMain] .e.DevToolsPropertyDefaultsPostProcessor : For additional web related logging consider setting the 'logging.level.web' property to 'DEBUG'
2019-03-01 12:19:31.608  WARN 17140 --- [restartedMain] o.m.s.mapper.ClassPathMapperScanner      : No MyBatis mapper was found in '[cn.cs.Board]' package. Please check your configuration.
2019-03-01 12:19:31.693  INFO 17140 --- [restartedMain] o.s.c.a.ConfigurationClassPostProcessor  : Cannot enhance @Configuration bean definition 'myBatisMapperScannerConfig' since its singleton instance has been created too early. The typical cause is a non-static @Bean method with a BeanDefinitionRegistryPostProcessor return type: Consider declaring such methods as 'static'.
2019-03-01 12:19:32.275  INFO 17140 --- [restartedMain] o.s.b.w.embedded.tomcat.TomcatWebServer  : Tomcat initialized with port(s): 8000 (http)
2019-03-01 12:19:32.297  INFO 17140 --- [restartedMain] o.apache.catalina.core.StandardService   : Starting service [Tomcat]
2019-03-01 12:19:32.297  INFO 17140 --- [restartedMain] org.apache.catalina.core.StandardEngine  : Starting Servlet engine: [Apache Tomcat/9.0.16]
2019-03-01 12:19:32.303  INFO 17140 --- [restartedMain] o.a.catalina.core.AprLifecycleListener   : The APR based Apache Tomcat Native library which allows optimal performance in production environments was not found on the java.library.path: [D:\JAVA\jdk-10.0.1\bin;C:\Windows\Sun\Java\bin;C:\Windows\system32;C:\Windows;D:/JAVA/jdk-10.0.1/bin/server;D:/JAVA/jdk-10.0.1/bin;D:\apache-maven-3.6.0\bin;D:\mysql5.7\mysql-5.7.23-winx64\bin;C:\Windows\system32;C:\Windows;C:\Windows\System32\Wbem;C:\Windows\System32\WindowsPowerShell\v1.0\;C:\Windows\System32\OpenSSH\;D:\JAVA\jdk-10.0.1\bin;D:\JAVA\jdk-10.0.1\jre\bin;C:\Program Files\Git\cmd;D:\nodejs\;D:\Ruby25-x64\bin;C:\Users\al89\AppData\Local\Microsoft\WindowsApps;;D:\Docker Toolbox;D:\Microsoft VS Code\bin;C:\Users\al89\AppData\Roaming\npm;D:\texlive2018\2018\bin\win32;D:\sts-4.0.1.RELEASE;;.]
2019-03-01 12:19:32.382  INFO 17140 --- [restartedMain] o.a.c.c.C.[Tomcat].[localhost].[/board]  : Initializing Spring embedded WebApplicationContext
2019-03-01 12:19:32.383  INFO 17140 --- [restartedMain] o.s.web.context.ContextLoader            : Root WebApplicationContext: initialization completed in 1467 ms
2019-03-01 12:19:32.497 DEBUG 17140 --- [restartedMain] org.apache.ibatis.logging.LogFactory     : Logging initialized using 'class org.apache.ibatis.logging.slf4j.Slf4jImpl' adapter.
2019-03-01 12:19:32.827  INFO 17140 --- [restartedMain] o.s.s.concurrent.ThreadPoolTaskExecutor  : Initializing ExecutorService 'applicationTaskExecutor'
2019-03-01 12:19:33.007  INFO 17140 --- [restartedMain] o.s.b.d.a.OptionalLiveReloadServer       : LiveReload server is running on port 35729
2019-03-01 12:19:33.062  INFO 17140 --- [restartedMain] o.s.b.w.embedded.tomcat.TomcatWebServer  : Tomcat started on port(s): 8000 (http) with context path '/board'
2019-03-01 12:19:33.066  INFO 17140 --- [restartedMain] cn.cs.Board.DemoApplication              : Started DemoApplication in 2.547 seconds (JVM running for 9.797)
2019-03-01 13:23:43.395  INFO 17140 --- [RMI TCP Connection(70)-127.0.0.1] inMXBeanRegistrar$SpringApplicationAdmin : Application shutdown requested.
2019-03-01 13:23:43.413  INFO 17140 --- [RMI TCP Connection(70)-127.0.0.1] o.s.s.concurrent.ThreadPoolTaskExecutor  : Shutting down ExecutorService 'applicationTaskExecutor'
